2019-10-20 01:39:01.405  INFO 27900 --- [restartedMain] c.n.e.Entry                              : Starting Entry on MSI with PID 27900 (E:\workspace\IDEA\SpringBootDemo\springbootmaster\target\classes started by 11651 in E:\workspace\IDEA\SpringBootDemo\springbootmaster)
2019-10-20 01:39:01.409 DEBUG 27900 --- [restartedMain] c.n.e.Entry                              : Running with Spring Boot v1.5.1.RELEASE, Spring v4.3.6.RELEASE
2019-10-20 01:39:01.410  INFO 27900 --- [restartedMain] c.n.e.Entry                              : No active profile set, falling back to default profiles: default
2019-10-20 01:39:01.435  INFO 27900 --- [restartedMain] ationConfigEmbeddedWebApplicationContext : Refreshing org.springframework.boot.context.embedded.AnnotationConfigEmbeddedWebApplicationContext@3360cd12: startup date [Sun Oct 20 01:39:01 GMT+08:00 2019]; root of context hierarchy
2019-10-20 01:39:02.157  INFO 27900 --- [restartedMain] trationDelegate$BeanPostProcessorChecker : Bean 'jpaConfiguration' of type [class com.netease.configuration.JpaConfiguration$$EnhancerBySpringCGLIB$$8a1f63af] is not eligible for getting processed by all BeanPostProcessors (for example: not eligible for auto-proxying)
2019-10-20 01:39:02.188  INFO 27900 --- [restartedMain] trationDelegate$BeanPostProcessorChecker : Bean 'org.springframework.boot.autoconfigure.validation.ValidationAutoConfiguration' of type [class org.springframework.boot.autoconfigure.validation.ValidationAutoConfiguration] is not eligible for getting processed by all BeanPostProcessors (for example: not eligible for auto-proxying)
2019-10-20 01:39:02.230  INFO 27900 --- [restartedMain] trationDelegate$BeanPostProcessorChecker : Bean 'validator' of type [class org.springframework.validation.beanvalidation.LocalValidatorFactoryBean] is not eligible for getting processed by all BeanPostProcessors (for example: not eligible for auto-proxying)
2019-10-20 01:39:02.249  INFO 27900 --- [restartedMain] trationDelegate$BeanPostProcessorChecker : Bean 'org.springframework.transaction.annotation.ProxyTransactionManagementConfiguration' of type [class org.springframework.transaction.annotation.ProxyTransactionManagementConfiguration$$EnhancerBySpringCGLIB$$dfc34fa7] is not eligible for getting processed by all BeanPostProcessors (for example: not eligible for auto-proxying)
2019-10-20 01:39:02.464  INFO 27900 --- [restartedMain] s.b.c.e.t.TomcatEmbeddedServletContainer : Tomcat initialized with port(s): 8080 (http)
2019-10-20 01:39:02.474  INFO 27900 --- [restartedMain] o.a.c.c.StandardService                  : Starting service Tomcat
2019-10-20 01:39:02.475  INFO 27900 --- [restartedMain] o.a.c.c.StandardEngine                   : Starting Servlet Engine: Apache Tomcat/8.5.11
2019-10-20 01:39:02.534  INFO 27900 --- [localhost-startStop-1] o.a.c.c.C.[.[.[/]                        : Initializing Spring embedded WebApplicationContext
2019-10-20 01:39:02.534  INFO 27900 --- [localhost-startStop-1] o.s.w.c.ContextLoader                    : Root WebApplicationContext: initialization completed in 1099 ms
2019-10-20 01:39:02.654  INFO 27900 --- [localhost-startStop-1] o.s.b.w.s.ServletRegistrationBean        : Mapping servlet: 'dispatcherServlet' to [/]
2019-10-20 01:39:02.656  INFO 27900 --- [localhost-startStop-1] o.s.b.w.s.FilterRegistrationBean         : Mapping filter: 'characterEncodingFilter' to: [/*]
2019-10-20 01:39:02.657  INFO 27900 --- [localhost-startStop-1] o.s.b.w.s.FilterRegistrationBean         : Mapping filter: 'hiddenHttpMethodFilter' to: [/*]
2019-10-20 01:39:02.657  INFO 27900 --- [localhost-startStop-1] o.s.b.w.s.FilterRegistrationBean         : Mapping filter: 'httpPutFormContentFilter' to: [/*]
2019-10-20 01:39:02.657  INFO 27900 --- [localhost-startStop-1] o.s.b.w.s.FilterRegistrationBean         : Mapping filter: 'requestContextFilter' to: [/*]
2019-10-20 01:39:02.839  INFO 27900 --- [restartedMain] j.LocalContainerEntityManagerFactoryBean : Building JPA container EntityManagerFactory for persistence unit 'default'
2019-10-20 01:39:02.848  INFO 27900 --- [restartedMain] o.h.j.i.u.LogHelper                      : HHH000204: Processing PersistenceUnitInfo [
	name: default
	...]
2019-10-20 01:39:02.887  INFO 27900 --- [restartedMain] o.h.Version                              : HHH000412: Hibernate Core {5.0.11.Final}
2019-10-20 01:39:02.888  INFO 27900 --- [restartedMain] o.h.c.Environment                        : HHH000206: hibernate.properties not found
2019-10-20 01:39:02.888  INFO 27900 --- [restartedMain] o.h.c.Environment                        : HHH000021: Bytecode provider name : javassist
2019-10-20 01:39:02.914  INFO 27900 --- [restartedMain] o.h.a.c.Version                          : HCANN000001: Hibernate Commons Annotations {5.0.1.Final}
2019-10-20 01:39:03.068 ERROR 27900 --- [restartedMain] o.a.t.j.p.ConnectionPool                 : Unable to create initial connections of pool.

com.mysql.jdbc.exceptions.jdbc4.MySQLSyntaxErrorException: Unknown database 'test'
	at sun.reflect.NativeConstructorAccessorImpl.newInstance0(Native Method) ~[?:1.8.0_77]
	at sun.reflect.NativeConstructorAccessorImpl.newInstance(NativeConstructorAccessorImpl.java:62) ~[?:1.8.0_77]
	at sun.reflect.DelegatingConstructorAccessorImpl.newInstance(DelegatingConstructorAccessorImpl.java:45) ~[?:1.8.0_77]
	at java.lang.reflect.Constructor.newInstance(Constructor.java:423) ~[?:1.8.0_77]
	at com.mysql.jdbc.Util.handleNewInstance(Util.java:404) ~[mysql-connector-java-5.1.39.jar:5.1.39]
	at com.mysql.jdbc.Util.getInstance(Util.java:387) ~[mysql-connector-java-5.1.39.jar:5.1.39]
	at com.mysql.jdbc.SQLError.createSQLException(SQLError.java:942) ~[mysql-connector-java-5.1.39.jar:5.1.39]
	at com.mysql.jdbc.MysqlIO.checkErrorPacket(MysqlIO.java:3966) ~[mysql-connector-java-5.1.39.jar:5.1.39]
	at com.mysql.jdbc.MysqlIO.checkErrorPacket(MysqlIO.java:3902) ~[mysql-connector-java-5.1.39.jar:5.1.39]
	at com.mysql.jdbc.MysqlIO.checkErrorPacket(MysqlIO.java:875) ~[mysql-connector-java-5.1.39.jar:5.1.39]
	at com.mysql.jdbc.MysqlIO.proceedHandshakeWithPluggableAuthentication(MysqlIO.java:1712) ~[mysql-connector-java-5.1.39.jar:5.1.39]
	at com.mysql.jdbc.MysqlIO.doHandshake(MysqlIO.java:1228) ~[mysql-connector-java-5.1.39.jar:5.1.39]
	at com.mysql.jdbc.ConnectionImpl.coreConnect(ConnectionImpl.java:2253) ~[mysql-connector-java-5.1.39.jar:5.1.39]
	at com.mysql.jdbc.ConnectionImpl.connectOneTryOnly(ConnectionImpl.java:2284) ~[mysql-connector-java-5.1.39.jar:5.1.39]
	at com.mysql.jdbc.ConnectionImpl.createNewIO(ConnectionImpl.java:2083) ~[mysql-connector-java-5.1.39.jar:5.1.39]
	at com.mysql.jdbc.ConnectionImpl.<init>(ConnectionImpl.java:806) ~[mysql-connector-java-5.1.39.jar:5.1.39]
	at com.mysql.jdbc.JDBC4Connection.<init>(JDBC4Connection.java:47) ~[mysql-connector-java-5.1.39.jar:5.1.39]
	at sun.reflect.NativeConstructorAccessorImpl.newInstance0(Native Method) ~[?:1.8.0_77]
	at sun.reflect.NativeConstructorAccessorImpl.newInstance(NativeConstructorAccessorImpl.java:62) ~[?:1.8.0_77]
	at sun.reflect.DelegatingConstructorAccessorImpl.newInstance(DelegatingConstructorAccessorImpl.java:45) ~[?:1.8.0_77]
	at java.lang.reflect.Constructor.newInstance(Constructor.java:423) ~[?:1.8.0_77]
	at com.mysql.jdbc.Util.handleNewInstance(Util.java:404) ~[mysql-connector-java-5.1.39.jar:5.1.39]
	at com.mysql.jdbc.ConnectionImpl.getInstance(ConnectionImpl.java:410) ~[mysql-connector-java-5.1.39.jar:5.1.39]
	at com.mysql.jdbc.NonRegisteringDriver.connect(NonRegisteringDriver.java:328) ~[mysql-connector-java-5.1.39.jar:5.1.39]
	at org.apache.tomcat.jdbc.pool.PooledConnection.connectUsingDriver(PooledConnection.java:310) ~[tomcat-jdbc-8.5.11.jar:?]
	at org.apache.tomcat.jdbc.pool.PooledConnection.connect(PooledConnection.java:203) ~[tomcat-jdbc-8.5.11.jar:?]
	at org.apache.tomcat.jdbc.pool.ConnectionPool.createConnection(ConnectionPool.java:732) ~[tomcat-jdbc-8.5.11.jar:?]
	at org.apache.tomcat.jdbc.pool.ConnectionPool.borrowConnection(ConnectionPool.java:664) ~[tomcat-jdbc-8.5.11.jar:?]
	at org.apache.tomcat.jdbc.pool.ConnectionPool.init(ConnectionPool.java:479) [tomcat-jdbc-8.5.11.jar:?]
	at org.apache.tomcat.jdbc.pool.ConnectionPool.<init>(ConnectionPool.java:154) [tomcat-jdbc-8.5.11.jar:?]
	at org.apache.tomcat.jdbc.pool.DataSourceProxy.pCreatePool(DataSourceProxy.java:118) [tomcat-jdbc-8.5.11.jar:?]
	at org.apache.tomcat.jdbc.pool.DataSourceProxy.createPool(DataSourceProxy.java:107) [tomcat-jdbc-8.5.11.jar:?]
	at org.apache.tomcat.jdbc.pool.DataSourceProxy.getConnection(DataSourceProxy.java:131) [tomcat-jdbc-8.5.11.jar:?]
	at org.hibernate.engine.jdbc.connections.internal.DatasourceConnectionProviderImpl.getConnection(DatasourceConnectionProviderImpl.java:122) [hibernate-core-5.0.11.Final.jar:5.0.11.Final]
	at org.hibernate.engine.jdbc.env.internal.JdbcEnvironmentInitiator$ConnectionProviderJdbcConnectionAccess.obtainConnection(JdbcEnvironmentInitiator.java:180) [hibernate-core-5.0.11.Final.jar:5.0.11.Final]
	at org.hibernate.engine.jdbc.env.internal.JdbcEnvironmentInitiator.initiateService(JdbcEnvironmentInitiator.java:68) [hibernate-core-5.0.11.Final.jar:5.0.11.Final]
	at org.hibernate.engine.jdbc.env.internal.JdbcEnvironmentInitiator.initiateService(JdbcEnvironmentInitiator.java:35) [hibernate-core-5.0.11.Final.jar:5.0.11.Final]
	at org.hibernate.boot.registry.internal.StandardServiceRegistryImpl.initiateService(StandardServiceRegistryImpl.java:88) [hibernate-core-5.0.11.Final.jar:5.0.11.Final]
	at org.hibernate.service.internal.AbstractServiceRegistryImpl.createService(AbstractServiceRegistryImpl.java:254) [hibernate-core-5.0.11.Final.jar:5.0.11.Final]
	at org.hibernate.service.internal.AbstractServiceRegistryImpl.initializeService(AbstractServiceRegistryImpl.java:228) [hibernate-core-5.0.11.Final.jar:5.0.11.Final]
	at org.hibernate.service.internal.AbstractServiceRegistryImpl.getService(AbstractServiceRegistryImpl.java:207) [hibernate-core-5.0.11.Final.jar:5.0.11.Final]
	at org.hibernate.engine.jdbc.internal.JdbcServicesImpl.configure(JdbcServicesImpl.java:51) [hibernate-core-5.0.11.Final.jar:5.0.11.Final]
	at org.hibernate.boot.registry.internal.StandardServiceRegistryImpl.configureService(StandardServiceRegistryImpl.java:94) [hibernate-core-5.0.11.Final.jar:5.0.11.Final]
	at org.hibernate.service.internal.AbstractServiceRegistryImpl.initializeService(AbstractServiceRegistryImpl.java:237) [hibernate-core-5.0.11.Final.jar:5.0.11.Final]
	at org.hibernate.service.internal.AbstractServiceRegistryImpl.getService(AbstractServiceRegistryImpl.java:207) [hibernate-core-5.0.11.Final.jar:5.0.11.Final]
	at org.hibernate.boot.model.process.spi.MetadataBuildingProcess.handleTypes(MetadataBuildingProcess.java:352) [hibernate-core-5.0.11.Final.jar:5.0.11.Final]
	at org.hibernate.boot.model.process.spi.MetadataBuildingProcess.complete(MetadataBuildingProcess.java:111) [hibernate-core-5.0.11.Final.jar:5.0.11.Final]
	at org.hibernate.jpa.boot.internal.EntityManagerFactoryBuilderImpl.metadata(EntityManagerFactoryBuilderImpl.java:847) [hibernate-entitymanager-5.0.11.Final.jar:5.0.11.Final]
	at org.hibernate.jpa.boot.internal.EntityManagerFactoryBuilderImpl.build(EntityManagerFactoryBuilderImpl.java:874) [hibernate-entitymanager-5.0.11.Final.jar:5.0.11.Final]
	at org.springframework.orm.jpa.vendor.SpringHibernateJpaPersistenceProvider.createContainerEntityManagerFactory(SpringHibernateJpaPersistenceProvider.java:60) [spring-orm-4.3.6.RELEASE.jar:4.3.6.RELEASE]
	at org.springframework.orm.jpa.LocalContainerEntityManagerFactoryBean.createNativeEntityManagerFactory(LocalContainerEntityManagerFactoryBean.java:353) [spring-orm-4.3.6.RELEASE.jar:4.3.6.RELEASE]
	at org.springframework.orm.jpa.AbstractEntityManagerFactoryBean.buildNativeEntityManagerFactory(AbstractEntityManagerFactoryBean.java:373) [spring-orm-4.3.6.RELEASE.jar:4.3.6.RELEASE]
	at org.springframework.orm.jpa.AbstractEntityManagerFactoryBean.afterPropertiesSet(AbstractEntityManagerFactoryBean.java:362) [spring-orm-4.3.6.RELEASE.jar:4.3.6.RELEASE]
	at org.springframework.beans.factory.support.AbstractAutowireCapableBeanFactory.invokeInitMethods(AbstractAutowireCapableBeanFactory.java:1687) [spring-beans-4.3.6.RELEASE.jar:4.3.6.RELEASE]
	at org.springframework.beans.factory.support.AbstractAutowireCapableBeanFactory.initializeBean(AbstractAutowireCapableBeanFactory.java:1624) [spring-beans-4.3.6.RELEASE.jar:4.3.6.RELEASE]
	at org.springframework.beans.factory.support.AbstractAutowireCapableBeanFactory.doCreateBean(AbstractAutowireCapableBeanFactory.java:555) [spring-beans-4.3.6.RELEASE.jar:4.3.6.RELEASE]
	at org.springframework.beans.factory.support.AbstractAutowireCapableBeanFactory.createBean(AbstractAutowireCapableBeanFactory.java:483) [spring-beans-4.3.6.RELEASE.jar:4.3.6.RELEASE]
	at org.springframework.beans.factory.support.AbstractBeanFactory$1.getObject(AbstractBeanFactory.java:306) [spring-beans-4.3.6.RELEASE.jar:4.3.6.RELEASE]
	at org.springframework.beans.factory.support.DefaultSingletonBeanRegistry.getSingleton(DefaultSingletonBeanRegistry.java:230) [spring-beans-4.3.6.RELEASE.jar:4.3.6.RELEASE]
	at org.springframework.beans.factory.support.AbstractBeanFactory.doGetBean(AbstractBeanFactory.java:302) [spring-beans-4.3.6.RELEASE.jar:4.3.6.RELEASE]
	at org.springframework.beans.factory.support.AbstractBeanFactory.getBean(AbstractBeanFactory.java:197) [spring-beans-4.3.6.RELEASE.jar:4.3.6.RELEASE]
	at org.springframework.context.support.AbstractApplicationContext.getBean(AbstractApplicationContext.java:1081) [spring-context-4.3.6.RELEASE.jar:4.3.6.RELEASE]
	at org.springframework.context.support.AbstractApplicationContext.finishBeanFactoryInitialization(AbstractApplicationContext.java:856) [spring-context-4.3.6.RELEASE.jar:4.3.6.RELEASE]
	at org.springframework.context.support.AbstractApplicationContext.refresh(AbstractApplicationContext.java:542) [spring-context-4.3.6.RELEASE.jar:4.3.6.RELEASE]
	at org.springframework.boot.context.embedded.EmbeddedWebApplicationContext.refresh(EmbeddedWebApplicationContext.java:122) [spring-boot-1.5.1.RELEASE.jar:1.5.1.RELEASE]
	at org.springframework.boot.SpringApplication.refresh(SpringApplication.java:737) [spring-boot-1.5.1.RELEASE.jar:1.5.1.RELEASE]
	at org.springframework.boot.SpringApplication.refreshContext(SpringApplication.java:370) [spring-boot-1.5.1.RELEASE.jar:1.5.1.RELEASE]
	at org.springframework.boot.SpringApplication.run(SpringApplication.java:314) [spring-boot-1.5.1.RELEASE.jar:1.5.1.RELEASE]
	at org.springframework.boot.SpringApplication.run(SpringApplication.java:1162) [spring-boot-1.5.1.RELEASE.jar:1.5.1.RELEASE]
	at org.springframework.boot.SpringApplication.run(SpringApplication.java:1151) [spring-boot-1.5.1.RELEASE.jar:1.5.1.RELEASE]
	at com.netease.entry.Entry.main(Entry.java:12) [classes/:?]
	at sun.reflect.NativeMethodAccessorImpl.invoke0(Native Method) ~[?:1.8.0_77]
	at sun.reflect.NativeMethodAccessorImpl.invoke(NativeMethodAccessorImpl.java:62) ~[?:1.8.0_77]
	at sun.reflect.DelegatingMethodAccessorImpl.invoke(DelegatingMethodAccessorImpl.java:43) ~[?:1.8.0_77]
	at java.lang.reflect.Method.invoke(Method.java:498) ~[?:1.8.0_77]
	at org.springframework.boot.devtools.restart.RestartLauncher.run(RestartLauncher.java:49) [spring-boot-devtools-1.5.1.RELEASE.jar:1.5.1.RELEASE]

2019-10-20 01:39:03.071  WARN 27900 --- [restartedMain] o.h.e.j.e.i.JdbcEnvironmentInitiator     : HHH000342: Could not obtain connection to query metadata : Unknown database 'test'
2019-10-20 01:39:03.076  INFO 27900 --- [restartedMain] o.h.d.Dialect                            : HHH000400: Using dialect: org.hibernate.dialect.MySQL5Dialect
2019-10-20 01:39:03.086  INFO 27900 --- [restartedMain] o.h.e.j.e.i.LobCreatorBuilderImpl        : HHH000422: Disabling contextual LOB creation as connection was null
2019-10-20 01:39:03.206  WARN 27900 --- [restartedMain] o.h.b.i.SessionFactoryBuilderImpl        : Unrecognized hbm2ddl_auto value : update .  Supported values include create, create-drop, update, and validate.  Ignoring
2019-10-20 01:39:03.337  INFO 27900 --- [restartedMain] j.LocalContainerEntityManagerFactoryBean : Initialized JPA EntityManagerFactory for persistence unit 'default'
2019-10-20 01:39:03.473  INFO 27900 --- [restartedMain] o.h.h.i.QueryTranslatorFactoryInitiator  : HHH000397: Using ASTQueryTranslatorFactory
2019-10-20 01:39:03.705  INFO 27900 --- [restartedMain] s.w.s.m.m.a.RequestMappingHandlerAdapter : Looking for @ControllerAdvice: org.springframework.boot.context.embedded.AnnotationConfigEmbeddedWebApplicationContext@3360cd12: startup date [Sun Oct 20 01:39:01 GMT+08:00 2019]; root of context hierarchy
2019-10-20 01:39:03.745  INFO 27900 --- [restartedMain] s.w.s.m.m.a.RequestMappingHandlerMapping : Mapped "{[/logInfo]}" onto java.lang.String com.netease.controller.DoTraceController.home()
2019-10-20 01:39:03.746  INFO 27900 --- [restartedMain] s.w.s.m.m.a.RequestMappingHandlerMapping : Mapped "{[/rest/]}" onto java.lang.String com.netease.controller.RestControllers.home()
2019-10-20 01:39:03.747  INFO 27900 --- [restartedMain] s.w.s.m.m.a.RequestMappingHandlerMapping : Mapped "{[/rest/json/{name}]}" onto public java.util.Map<java.lang.Object, java.lang.Object> com.netease.controller.RestControllers.show(java.lang.String)
2019-10-20 01:39:03.747  INFO 27900 --- [restartedMain] s.w.s.m.m.a.RequestMappingHandlerMapping : Mapped "{[/user/index]}" onto public java.lang.String com.netease.controller.UserController.index()
2019-10-20 01:39:03.747  INFO 27900 --- [restartedMain] s.w.s.m.m.a.RequestMappingHandlerMapping : Mapped "{[/user/show]}" onto public java.lang.String com.netease.controller.UserController.show(java.lang.String)
2019-10-20 01:39:03.747  INFO 27900 --- [restartedMain] s.w.s.m.m.a.RequestMappingHandlerMapping : Mapped "{[/user/show/{personalPath}]}" onto public java.lang.String com.netease.controller.UserController.show2(java.lang.String)
2019-10-20 01:39:03.749  INFO 27900 --- [restartedMain] s.w.s.m.m.a.RequestMappingHandlerMapping : Mapped "{[/error]}" onto public org.springframework.http.ResponseEntity<java.util.Map<java.lang.String, java.lang.Object>> org.springframework.boot.autoconfigure.web.BasicErrorController.error(javax.servlet.http.HttpServletRequest)
2019-10-20 01:39:03.749  INFO 27900 --- [restartedMain] s.w.s.m.m.a.RequestMappingHandlerMapping : Mapped "{[/error],produces=[text/html]}" onto public org.springframework.web.servlet.ModelAndView org.springframework.boot.autoconfigure.web.BasicErrorController.errorHtml(javax.servlet.http.HttpServletRequest,javax.servlet.http.HttpServletResponse)
2019-10-20 01:39:03.768  INFO 27900 --- [restartedMain] o.s.w.s.h.SimpleUrlHandlerMapping        : Mapped URL path [/webjars/**] onto handler of type [class org.springframework.web.servlet.resource.ResourceHttpRequestHandler]
2019-10-20 01:39:03.768  INFO 27900 --- [restartedMain] o.s.w.s.h.SimpleUrlHandlerMapping        : Mapped URL path [/static/**] onto handler of type [class org.springframework.web.servlet.resource.ResourceHttpRequestHandler]
2019-10-20 01:39:03.790  INFO 27900 --- [restartedMain] o.s.w.s.h.SimpleUrlHandlerMapping        : Mapped URL path [/**/favicon.ico] onto handler of type [class org.springframework.web.servlet.resource.ResourceHttpRequestHandler]
2019-10-20 01:39:03.939  INFO 27900 --- [restartedMain] o.s.b.d.a.OptionalLiveReloadServer       : LiveReload server is running on port 35729
2019-10-20 01:39:03.982  INFO 27900 --- [restartedMain] o.s.j.e.a.AnnotationMBeanExporter        : Registering beans for JMX exposure on startup
2019-10-20 01:39:04.017  INFO 27900 --- [restartedMain] s.b.c.e.t.TomcatEmbeddedServletContainer : Tomcat started on port(s): 8080 (http)
2019-10-20 01:39:04.021  INFO 27900 --- [restartedMain] c.n.e.Entry                              : Started Entry in 2.894 seconds (JVM running for 3.846)
2019-10-20 01:39:22.723  INFO 27900 --- [http-nio-8080-exec-1] o.a.c.c.C.[.[.[/]                        : Initializing Spring FrameworkServlet 'dispatcherServlet'
2019-10-20 01:39:22.723  INFO 27900 --- [http-nio-8080-exec-1] o.s.w.s.DispatcherServlet                : FrameworkServlet 'dispatcherServlet': initialization started
2019-10-20 01:39:22.742  INFO 27900 --- [http-nio-8080-exec-1] o.s.w.s.DispatcherServlet                : FrameworkServlet 'dispatcherServlet': initialization completed in 19 ms
2019-10-20 01:39:22.758 TRACE 27900 --- [http-nio-8080-exec-1] c.n.c.DoTraceController                  : ---------trace------------
2019-10-20 01:39:22.759 DEBUG 27900 --- [http-nio-8080-exec-1] c.n.c.DoTraceController                  : ---------debug------------
2019-10-20 01:39:22.759  INFO 27900 --- [http-nio-8080-exec-1] c.n.c.DoTraceController                  : 这是DoTraceController test
2019-10-20 01:39:22.759  WARN 27900 --- [http-nio-8080-exec-1] c.n.c.DoTraceController                  : ---------warn------------
2019-10-20 01:39:22.759 ERROR 27900 --- [http-nio-8080-exec-1] c.n.c.DoTraceController                  : ---------error------------
2019-10-20 01:43:28.116  INFO 16364 --- [restartedMain] c.n.e.Entry                              : Starting Entry on MSI with PID 16364 (E:\workspace\IDEA\SpringBootDemo\springbootmaster\target\classes started by 11651 in E:\workspace\IDEA\SpringBootDemo\springbootmaster)
2019-10-20 01:43:28.120 DEBUG 16364 --- [restartedMain] c.n.e.Entry                              : Running with Spring Boot v1.5.1.RELEASE, Spring v4.3.6.RELEASE
2019-10-20 01:43:28.120  INFO 16364 --- [restartedMain] c.n.e.Entry                              : No active profile set, falling back to default profiles: default
2019-10-20 01:43:28.151  INFO 16364 --- [restartedMain] ationConfigEmbeddedWebApplicationContext : Refreshing org.springframework.boot.context.embedded.AnnotationConfigEmbeddedWebApplicationContext@4ced1472: startup date [Sun Oct 20 01:43:28 GMT+08:00 2019]; root of context hierarchy
2019-10-20 01:43:28.919  INFO 16364 --- [restartedMain] trationDelegate$BeanPostProcessorChecker : Bean 'jpaConfiguration' of type [class com.netease.configuration.JpaConfiguration$$EnhancerBySpringCGLIB$$5b2b140f] is not eligible for getting processed by all BeanPostProcessors (for example: not eligible for auto-proxying)
2019-10-20 01:43:28.949  INFO 16364 --- [restartedMain] trationDelegate$BeanPostProcessorChecker : Bean 'org.springframework.boot.autoconfigure.validation.ValidationAutoConfiguration' of type [class org.springframework.boot.autoconfigure.validation.ValidationAutoConfiguration] is not eligible for getting processed by all BeanPostProcessors (for example: not eligible for auto-proxying)
2019-10-20 01:43:28.994  INFO 16364 --- [restartedMain] trationDelegate$BeanPostProcessorChecker : Bean 'validator' of type [class org.springframework.validation.beanvalidation.LocalValidatorFactoryBean] is not eligible for getting processed by all BeanPostProcessors (for example: not eligible for auto-proxying)
2019-10-20 01:43:29.013  INFO 16364 --- [restartedMain] trationDelegate$BeanPostProcessorChecker : Bean 'org.springframework.transaction.annotation.ProxyTransactionManagementConfiguration' of type [class org.springframework.transaction.annotation.ProxyTransactionManagementConfiguration$$EnhancerBySpringCGLIB$$b0cf0007] is not eligible for getting processed by all BeanPostProcessors (for example: not eligible for auto-proxying)
2019-10-20 01:43:29.226  INFO 16364 --- [restartedMain] s.b.c.e.t.TomcatEmbeddedServletContainer : Tomcat initialized with port(s): 8080 (http)
2019-10-20 01:43:29.235  INFO 16364 --- [restartedMain] o.a.c.c.StandardService                  : Starting service Tomcat
2019-10-20 01:43:29.235  INFO 16364 --- [restartedMain] o.a.c.c.StandardEngine                   : Starting Servlet Engine: Apache Tomcat/8.5.11
2019-10-20 01:43:29.293  INFO 16364 --- [localhost-startStop-1] o.a.c.c.C.[.[.[/]                        : Initializing Spring embedded WebApplicationContext
2019-10-20 01:43:29.293  INFO 16364 --- [localhost-startStop-1] o.s.w.c.ContextLoader                    : Root WebApplicationContext: initialization completed in 1142 ms
2019-10-20 01:43:29.412  INFO 16364 --- [localhost-startStop-1] o.s.b.w.s.ServletRegistrationBean        : Mapping servlet: 'dispatcherServlet' to [/]
2019-10-20 01:43:29.414  INFO 16364 --- [localhost-startStop-1] o.s.b.w.s.FilterRegistrationBean         : Mapping filter: 'characterEncodingFilter' to: [/*]
2019-10-20 01:43:29.414  INFO 16364 --- [localhost-startStop-1] o.s.b.w.s.FilterRegistrationBean         : Mapping filter: 'hiddenHttpMethodFilter' to: [/*]
2019-10-20 01:43:29.415  INFO 16364 --- [localhost-startStop-1] o.s.b.w.s.FilterRegistrationBean         : Mapping filter: 'httpPutFormContentFilter' to: [/*]
2019-10-20 01:43:29.415  INFO 16364 --- [localhost-startStop-1] o.s.b.w.s.FilterRegistrationBean         : Mapping filter: 'requestContextFilter' to: [/*]
2019-10-20 01:43:29.598  INFO 16364 --- [restartedMain] j.LocalContainerEntityManagerFactoryBean : Building JPA container EntityManagerFactory for persistence unit 'default'
2019-10-20 01:43:29.612  INFO 16364 --- [restartedMain] o.h.j.i.u.LogHelper                      : HHH000204: Processing PersistenceUnitInfo [
	name: default
	...]
2019-10-20 01:43:29.651  INFO 16364 --- [restartedMain] o.h.Version                              : HHH000412: Hibernate Core {5.0.11.Final}
2019-10-20 01:43:29.652  INFO 16364 --- [restartedMain] o.h.c.Environment                        : HHH000206: hibernate.properties not found
2019-10-20 01:43:29.652  INFO 16364 --- [restartedMain] o.h.c.Environment                        : HHH000021: Bytecode provider name : javassist
2019-10-20 01:43:29.679  INFO 16364 --- [restartedMain] o.h.a.c.Version                          : HCANN000001: Hibernate Commons Annotations {5.0.1.Final}
2019-10-20 01:43:29.834 ERROR 16364 --- [restartedMain] o.a.t.j.p.ConnectionPool                 : Unable to create initial connections of pool.

com.mysql.jdbc.exceptions.jdbc4.MySQLSyntaxErrorException: Unknown database 'test'
	at sun.reflect.NativeConstructorAccessorImpl.newInstance0(Native Method) ~[?:1.8.0_77]
	at sun.reflect.NativeConstructorAccessorImpl.newInstance(NativeConstructorAccessorImpl.java:62) ~[?:1.8.0_77]
	at sun.reflect.DelegatingConstructorAccessorImpl.newInstance(DelegatingConstructorAccessorImpl.java:45) ~[?:1.8.0_77]
	at java.lang.reflect.Constructor.newInstance(Constructor.java:423) ~[?:1.8.0_77]
	at com.mysql.jdbc.Util.handleNewInstance(Util.java:404) ~[mysql-connector-java-5.1.39.jar:5.1.39]
	at com.mysql.jdbc.Util.getInstance(Util.java:387) ~[mysql-connector-java-5.1.39.jar:5.1.39]
	at com.mysql.jdbc.SQLError.createSQLException(SQLError.java:942) ~[mysql-connector-java-5.1.39.jar:5.1.39]
	at com.mysql.jdbc.MysqlIO.checkErrorPacket(MysqlIO.java:3966) ~[mysql-connector-java-5.1.39.jar:5.1.39]
	at com.mysql.jdbc.MysqlIO.checkErrorPacket(MysqlIO.java:3902) ~[mysql-connector-java-5.1.39.jar:5.1.39]
	at com.mysql.jdbc.MysqlIO.checkErrorPacket(MysqlIO.java:875) ~[mysql-connector-java-5.1.39.jar:5.1.39]
	at com.mysql.jdbc.MysqlIO.proceedHandshakeWithPluggableAuthentication(MysqlIO.java:1712) ~[mysql-connector-java-5.1.39.jar:5.1.39]
	at com.mysql.jdbc.MysqlIO.doHandshake(MysqlIO.java:1228) ~[mysql-connector-java-5.1.39.jar:5.1.39]
	at com.mysql.jdbc.ConnectionImpl.coreConnect(ConnectionImpl.java:2253) ~[mysql-connector-java-5.1.39.jar:5.1.39]
	at com.mysql.jdbc.ConnectionImpl.connectOneTryOnly(ConnectionImpl.java:2284) ~[mysql-connector-java-5.1.39.jar:5.1.39]
	at com.mysql.jdbc.ConnectionImpl.createNewIO(ConnectionImpl.java:2083) ~[mysql-connector-java-5.1.39.jar:5.1.39]
	at com.mysql.jdbc.ConnectionImpl.<init>(ConnectionImpl.java:806) ~[mysql-connector-java-5.1.39.jar:5.1.39]
	at com.mysql.jdbc.JDBC4Connection.<init>(JDBC4Connection.java:47) ~[mysql-connector-java-5.1.39.jar:5.1.39]
	at sun.reflect.NativeConstructorAccessorImpl.newInstance0(Native Method) ~[?:1.8.0_77]
	at sun.reflect.NativeConstructorAccessorImpl.newInstance(NativeConstructorAccessorImpl.java:62) ~[?:1.8.0_77]
	at sun.reflect.DelegatingConstructorAccessorImpl.newInstance(DelegatingConstructorAccessorImpl.java:45) ~[?:1.8.0_77]
	at java.lang.reflect.Constructor.newInstance(Constructor.java:423) ~[?:1.8.0_77]
	at com.mysql.jdbc.Util.handleNewInstance(Util.java:404) ~[mysql-connector-java-5.1.39.jar:5.1.39]
	at com.mysql.jdbc.ConnectionImpl.getInstance(ConnectionImpl.java:410) ~[mysql-connector-java-5.1.39.jar:5.1.39]
	at com.mysql.jdbc.NonRegisteringDriver.connect(NonRegisteringDriver.java:328) ~[mysql-connector-java-5.1.39.jar:5.1.39]
	at org.apache.tomcat.jdbc.pool.PooledConnection.connectUsingDriver(PooledConnection.java:310) ~[tomcat-jdbc-8.5.11.jar:?]
	at org.apache.tomcat.jdbc.pool.PooledConnection.connect(PooledConnection.java:203) ~[tomcat-jdbc-8.5.11.jar:?]
	at org.apache.tomcat.jdbc.pool.ConnectionPool.createConnection(ConnectionPool.java:732) ~[tomcat-jdbc-8.5.11.jar:?]
	at org.apache.tomcat.jdbc.pool.ConnectionPool.borrowConnection(ConnectionPool.java:664) ~[tomcat-jdbc-8.5.11.jar:?]
	at org.apache.tomcat.jdbc.pool.ConnectionPool.init(ConnectionPool.java:479) [tomcat-jdbc-8.5.11.jar:?]
	at org.apache.tomcat.jdbc.pool.ConnectionPool.<init>(ConnectionPool.java:154) [tomcat-jdbc-8.5.11.jar:?]
	at org.apache.tomcat.jdbc.pool.DataSourceProxy.pCreatePool(DataSourceProxy.java:118) [tomcat-jdbc-8.5.11.jar:?]
	at org.apache.tomcat.jdbc.pool.DataSourceProxy.createPool(DataSourceProxy.java:107) [tomcat-jdbc-8.5.11.jar:?]
	at org.apache.tomcat.jdbc.pool.DataSourceProxy.getConnection(DataSourceProxy.java:131) [tomcat-jdbc-8.5.11.jar:?]
	at org.hibernate.engine.jdbc.connections.internal.DatasourceConnectionProviderImpl.getConnection(DatasourceConnectionProviderImpl.java:122) [hibernate-core-5.0.11.Final.jar:5.0.11.Final]
	at org.hibernate.engine.jdbc.env.internal.JdbcEnvironmentInitiator$ConnectionProviderJdbcConnectionAccess.obtainConnection(JdbcEnvironmentInitiator.java:180) [hibernate-core-5.0.11.Final.jar:5.0.11.Final]
	at org.hibernate.engine.jdbc.env.internal.JdbcEnvironmentInitiator.initiateService(JdbcEnvironmentInitiator.java:68) [hibernate-core-5.0.11.Final.jar:5.0.11.Final]
	at org.hibernate.engine.jdbc.env.internal.JdbcEnvironmentInitiator.initiateService(JdbcEnvironmentInitiator.java:35) [hibernate-core-5.0.11.Final.jar:5.0.11.Final]
	at org.hibernate.boot.registry.internal.StandardServiceRegistryImpl.initiateService(StandardServiceRegistryImpl.java:88) [hibernate-core-5.0.11.Final.jar:5.0.11.Final]
	at org.hibernate.service.internal.AbstractServiceRegistryImpl.createService(AbstractServiceRegistryImpl.java:254) [hibernate-core-5.0.11.Final.jar:5.0.11.Final]
	at org.hibernate.service.internal.AbstractServiceRegistryImpl.initializeService(AbstractServiceRegistryImpl.java:228) [hibernate-core-5.0.11.Final.jar:5.0.11.Final]
	at org.hibernate.service.internal.AbstractServiceRegistryImpl.getService(AbstractServiceRegistryImpl.java:207) [hibernate-core-5.0.11.Final.jar:5.0.11.Final]
	at org.hibernate.engine.jdbc.internal.JdbcServicesImpl.configure(JdbcServicesImpl.java:51) [hibernate-core-5.0.11.Final.jar:5.0.11.Final]
	at org.hibernate.boot.registry.internal.StandardServiceRegistryImpl.configureService(StandardServiceRegistryImpl.java:94) [hibernate-core-5.0.11.Final.jar:5.0.11.Final]
	at org.hibernate.service.internal.AbstractServiceRegistryImpl.initializeService(AbstractServiceRegistryImpl.java:237) [hibernate-core-5.0.11.Final.jar:5.0.11.Final]
	at org.hibernate.service.internal.AbstractServiceRegistryImpl.getService(AbstractServiceRegistryImpl.java:207) [hibernate-core-5.0.11.Final.jar:5.0.11.Final]
	at org.hibernate.boot.model.process.spi.MetadataBuildingProcess.handleTypes(MetadataBuildingProcess.java:352) [hibernate-core-5.0.11.Final.jar:5.0.11.Final]
	at org.hibernate.boot.model.process.spi.MetadataBuildingProcess.complete(MetadataBuildingProcess.java:111) [hibernate-core-5.0.11.Final.jar:5.0.11.Final]
	at org.hibernate.jpa.boot.internal.EntityManagerFactoryBuilderImpl.metadata(EntityManagerFactoryBuilderImpl.java:847) [hibernate-entitymanager-5.0.11.Final.jar:5.0.11.Final]
	at org.hibernate.jpa.boot.internal.EntityManagerFactoryBuilderImpl.build(EntityManagerFactoryBuilderImpl.java:874) [hibernate-entitymanager-5.0.11.Final.jar:5.0.11.Final]
	at org.springframework.orm.jpa.vendor.SpringHibernateJpaPersistenceProvider.createContainerEntityManagerFactory(SpringHibernateJpaPersistenceProvider.java:60) [spring-orm-4.3.6.RELEASE.jar:4.3.6.RELEASE]
	at org.springframework.orm.jpa.LocalContainerEntityManagerFactoryBean.createNativeEntityManagerFactory(LocalContainerEntityManagerFactoryBean.java:353) [spring-orm-4.3.6.RELEASE.jar:4.3.6.RELEASE]
	at org.springframework.orm.jpa.AbstractEntityManagerFactoryBean.buildNativeEntityManagerFactory(AbstractEntityManagerFactoryBean.java:373) [spring-orm-4.3.6.RELEASE.jar:4.3.6.RELEASE]
	at org.springframework.orm.jpa.AbstractEntityManagerFactoryBean.afterPropertiesSet(AbstractEntityManagerFactoryBean.java:362) [spring-orm-4.3.6.RELEASE.jar:4.3.6.RELEASE]
	at org.springframework.beans.factory.support.AbstractAutowireCapableBeanFactory.invokeInitMethods(AbstractAutowireCapableBeanFactory.java:1687) [spring-beans-4.3.6.RELEASE.jar:4.3.6.RELEASE]
	at org.springframework.beans.factory.support.AbstractAutowireCapableBeanFactory.initializeBean(AbstractAutowireCapableBeanFactory.java:1624) [spring-beans-4.3.6.RELEASE.jar:4.3.6.RELEASE]
	at org.springframework.beans.factory.support.AbstractAutowireCapableBeanFactory.doCreateBean(AbstractAutowireCapableBeanFactory.java:555) [spring-beans-4.3.6.RELEASE.jar:4.3.6.RELEASE]
	at org.springframework.beans.factory.support.AbstractAutowireCapableBeanFactory.createBean(AbstractAutowireCapableBeanFactory.java:483) [spring-beans-4.3.6.RELEASE.jar:4.3.6.RELEASE]
	at org.springframework.beans.factory.support.AbstractBeanFactory$1.getObject(AbstractBeanFactory.java:306) [spring-beans-4.3.6.RELEASE.jar:4.3.6.RELEASE]
	at org.springframework.beans.factory.support.DefaultSingletonBeanRegistry.getSingleton(DefaultSingletonBeanRegistry.java:230) [spring-beans-4.3.6.RELEASE.jar:4.3.6.RELEASE]
	at org.springframework.beans.factory.support.AbstractBeanFactory.doGetBean(AbstractBeanFactory.java:302) [spring-beans-4.3.6.RELEASE.jar:4.3.6.RELEASE]
	at org.springframework.beans.factory.support.AbstractBeanFactory.getBean(AbstractBeanFactory.java:197) [spring-beans-4.3.6.RELEASE.jar:4.3.6.RELEASE]
	at org.springframework.context.support.AbstractApplicationContext.getBean(AbstractApplicationContext.java:1081) [spring-context-4.3.6.RELEASE.jar:4.3.6.RELEASE]
	at org.springframework.context.support.AbstractApplicationContext.finishBeanFactoryInitialization(AbstractApplicationContext.java:856) [spring-context-4.3.6.RELEASE.jar:4.3.6.RELEASE]
	at org.springframework.context.support.AbstractApplicationContext.refresh(AbstractApplicationContext.java:542) [spring-context-4.3.6.RELEASE.jar:4.3.6.RELEASE]
	at org.springframework.boot.context.embedded.EmbeddedWebApplicationContext.refresh(EmbeddedWebApplicationContext.java:122) [spring-boot-1.5.1.RELEASE.jar:1.5.1.RELEASE]
	at org.springframework.boot.SpringApplication.refresh(SpringApplication.java:737) [spring-boot-1.5.1.RELEASE.jar:1.5.1.RELEASE]
	at org.springframework.boot.SpringApplication.refreshContext(SpringApplication.java:370) [spring-boot-1.5.1.RELEASE.jar:1.5.1.RELEASE]
	at org.springframework.boot.SpringApplication.run(SpringApplication.java:314) [spring-boot-1.5.1.RELEASE.jar:1.5.1.RELEASE]
	at org.springframework.boot.SpringApplication.run(SpringApplication.java:1162) [spring-boot-1.5.1.RELEASE.jar:1.5.1.RELEASE]
	at org.springframework.boot.SpringApplication.run(SpringApplication.java:1151) [spring-boot-1.5.1.RELEASE.jar:1.5.1.RELEASE]
	at com.netease.entry.Entry.main(Entry.java:12) [classes/:?]
	at sun.reflect.NativeMethodAccessorImpl.invoke0(Native Method) ~[?:1.8.0_77]
	at sun.reflect.NativeMethodAccessorImpl.invoke(NativeMethodAccessorImpl.java:62) ~[?:1.8.0_77]
	at sun.reflect.DelegatingMethodAccessorImpl.invoke(DelegatingMethodAccessorImpl.java:43) ~[?:1.8.0_77]
	at java.lang.reflect.Method.invoke(Method.java:498) ~[?:1.8.0_77]
	at org.springframework.boot.devtools.restart.RestartLauncher.run(RestartLauncher.java:49) [spring-boot-devtools-1.5.1.RELEASE.jar:1.5.1.RELEASE]

2019-10-20 01:43:29.837  WARN 16364 --- [restartedMain] o.h.e.j.e.i.JdbcEnvironmentInitiator     : HHH000342: Could not obtain connection to query metadata : Unknown database 'test'
2019-10-20 01:43:29.843  INFO 16364 --- [restartedMain] o.h.d.Dialect                            : HHH000400: Using dialect: org.hibernate.dialect.MySQL5Dialect
2019-10-20 01:43:29.854  INFO 16364 --- [restartedMain] o.h.e.j.e.i.LobCreatorBuilderImpl        : HHH000422: Disabling contextual LOB creation as connection was null
2019-10-20 01:43:29.981  WARN 16364 --- [restartedMain] o.h.b.i.SessionFactoryBuilderImpl        : Unrecognized hbm2ddl_auto value : update .  Supported values include create, create-drop, update, and validate.  Ignoring
2019-10-20 01:43:30.119  INFO 16364 --- [restartedMain] j.LocalContainerEntityManagerFactoryBean : Initialized JPA EntityManagerFactory for persistence unit 'default'
2019-10-20 01:43:30.255  INFO 16364 --- [restartedMain] o.h.h.i.QueryTranslatorFactoryInitiator  : HHH000397: Using ASTQueryTranslatorFactory
2019-10-20 01:43:30.473  INFO 16364 --- [restartedMain] s.w.s.m.m.a.RequestMappingHandlerAdapter : Looking for @ControllerAdvice: org.springframework.boot.context.embedded.AnnotationConfigEmbeddedWebApplicationContext@4ced1472: startup date [Sun Oct 20 01:43:28 GMT+08:00 2019]; root of context hierarchy
2019-10-20 01:43:30.514  INFO 16364 --- [restartedMain] s.w.s.m.m.a.RequestMappingHandlerMapping : Mapped "{[/logInfo]}" onto java.lang.String com.netease.controller.DoTraceController.home()
2019-10-20 01:43:30.514  INFO 16364 --- [restartedMain] s.w.s.m.m.a.RequestMappingHandlerMapping : Mapped "{[/rest/]}" onto java.lang.String com.netease.controller.RestControllers.home()
2019-10-20 01:43:30.515  INFO 16364 --- [restartedMain] s.w.s.m.m.a.RequestMappingHandlerMapping : Mapped "{[/rest/json/{name}]}" onto public java.util.Map<java.lang.Object, java.lang.Object> com.netease.controller.RestControllers.show(java.lang.String)
2019-10-20 01:43:30.516  INFO 16364 --- [restartedMain] s.w.s.m.m.a.RequestMappingHandlerMapping : Mapped "{[/user/index]}" onto public java.lang.String com.netease.controller.UserController.index()
2019-10-20 01:43:30.516  INFO 16364 --- [restartedMain] s.w.s.m.m.a.RequestMappingHandlerMapping : Mapped "{[/user/show]}" onto public java.lang.String com.netease.controller.UserController.show(java.lang.String)
2019-10-20 01:43:30.516  INFO 16364 --- [restartedMain] s.w.s.m.m.a.RequestMappingHandlerMapping : Mapped "{[/user/show/{personalPath}]}" onto public java.lang.String com.netease.controller.UserController.show2(java.lang.String)
2019-10-20 01:43:30.517  INFO 16364 --- [restartedMain] s.w.s.m.m.a.RequestMappingHandlerMapping : Mapped "{[/error]}" onto public org.springframework.http.ResponseEntity<java.util.Map<java.lang.String, java.lang.Object>> org.springframework.boot.autoconfigure.web.BasicErrorController.error(javax.servlet.http.HttpServletRequest)
2019-10-20 01:43:30.518  INFO 16364 --- [restartedMain] s.w.s.m.m.a.RequestMappingHandlerMapping : Mapped "{[/error],produces=[text/html]}" onto public org.springframework.web.servlet.ModelAndView org.springframework.boot.autoconfigure.web.BasicErrorController.errorHtml(javax.servlet.http.HttpServletRequest,javax.servlet.http.HttpServletResponse)
2019-10-20 01:43:30.536  INFO 16364 --- [restartedMain] o.s.w.s.h.SimpleUrlHandlerMapping        : Mapped URL path [/webjars/**] onto handler of type [class org.springframework.web.servlet.resource.ResourceHttpRequestHandler]
2019-10-20 01:43:30.536  INFO 16364 --- [restartedMain] o.s.w.s.h.SimpleUrlHandlerMapping        : Mapped URL path [/static/**] onto handler of type [class org.springframework.web.servlet.resource.ResourceHttpRequestHandler]
2019-10-20 01:43:30.558  INFO 16364 --- [restartedMain] o.s.w.s.h.SimpleUrlHandlerMapping        : Mapped URL path [/**/favicon.ico] onto handler of type [class org.springframework.web.servlet.resource.ResourceHttpRequestHandler]
2019-10-20 01:43:30.711  INFO 16364 --- [restartedMain] o.s.b.d.a.OptionalLiveReloadServer       : LiveReload server is running on port 35729
2019-10-20 01:43:30.748  INFO 16364 --- [restartedMain] o.s.j.e.a.AnnotationMBeanExporter        : Registering beans for JMX exposure on startup
2019-10-20 01:43:30.804  INFO 16364 --- [restartedMain] s.b.c.e.t.TomcatEmbeddedServletContainer : Tomcat started on port(s): 8080 (http)
2019-10-20 01:43:30.808  INFO 16364 --- [restartedMain] c.n.e.Entry                              : Started Entry in 2.977 seconds (JVM running for 3.916)
2019/10/20 === [restartedMain] === INFO   ===  com.netease.entry.Entry  ==  Starting Entry on MSI with PID 12468 (E:\workspace\IDEA\SpringBootDemo\springbootmaster\target\classes started by 11651 in E:\workspace\IDEA\SpringBootDemo\springbootmaster)
2019/10/20 === [restartedMain] === DEBUG  ===  com.netease.entry.Entry  ==  Running with Spring Boot v1.5.1.RELEASE, Spring v4.3.6.RELEASE
2019/10/20 === [restartedMain] === INFO   ===  com.netease.entry.Entry  ==  No active profile set, falling back to default profiles: default
2019/10/20 === [restartedMain] === INFO   ===  org.springframework.boot.context.embedded.AnnotationConfigEmbeddedWebApplicationContext  ==  Refreshing org.springframework.boot.context.embedded.AnnotationConfigEmbeddedWebApplicationContext@3360cd12: startup date [Sun Oct 20 01:47:08 GMT+08:00 2019]; root of context hierarchy
2019/10/20 === [restartedMain] === INFO   ===  org.springframework.context.support.PostProcessorRegistrationDelegate$BeanPostProcessorChecker  ==  Bean 'jpaConfiguration' of type [class com.netease.configuration.JpaConfiguration$$EnhancerBySpringCGLIB$$ff4447b6] is not eligible for getting processed by all BeanPostProcessors (for example: not eligible for auto-proxying)
2019/10/20 === [restartedMain] === INFO   ===  org.springframework.context.support.PostProcessorRegistrationDelegate$BeanPostProcessorChecker  ==  Bean 'org.springframework.boot.autoconfigure.validation.ValidationAutoConfiguration' of type [class org.springframework.boot.autoconfigure.validation.ValidationAutoConfiguration] is not eligible for getting processed by all BeanPostProcessors (for example: not eligible for auto-proxying)
2019/10/20 === [restartedMain] === INFO   ===  org.springframework.context.support.PostProcessorRegistrationDelegate$BeanPostProcessorChecker  ==  Bean 'validator' of type [class org.springframework.validation.beanvalidation.LocalValidatorFactoryBean] is not eligible for getting processed by all BeanPostProcessors (for example: not eligible for auto-proxying)
2019/10/20 === [restartedMain] === INFO   ===  org.springframework.context.support.PostProcessorRegistrationDelegate$BeanPostProcessorChecker  ==  Bean 'org.springframework.transaction.annotation.ProxyTransactionManagementConfiguration' of type [class org.springframework.transaction.annotation.ProxyTransactionManagementConfiguration$$EnhancerBySpringCGLIB$$54e833ae] is not eligible for getting processed by all BeanPostProcessors (for example: not eligible for auto-proxying)
2019/10/20 === [restartedMain] === INFO   ===  org.springframework.boot.context.embedded.tomcat.TomcatEmbeddedServletContainer  ==  Tomcat initialized with port(s): 8080 (http)
2019/10/20 === [restartedMain] === INFO   ===  org.apache.catalina.core.StandardService  ==  Starting service Tomcat
2019/10/20 === [restartedMain] === INFO   ===  org.apache.catalina.core.StandardEngine  ==  Starting Servlet Engine: Apache Tomcat/8.5.11
2019/10/20 === [localhost-startStop-1] === INFO   ===  org.apache.catalina.core.ContainerBase.[Tomcat].[localhost].[/]  ==  Initializing Spring embedded WebApplicationContext
2019/10/20 === [localhost-startStop-1] === INFO   ===  org.springframework.web.context.ContextLoader  ==  Root WebApplicationContext: initialization completed in 1057 ms
2019/10/20 === [localhost-startStop-1] === INFO   ===  org.springframework.boot.web.servlet.ServletRegistrationBean  ==  Mapping servlet: 'dispatcherServlet' to [/]
2019/10/20 === [localhost-startStop-1] === INFO   ===  org.springframework.boot.web.servlet.FilterRegistrationBean  ==  Mapping filter: 'characterEncodingFilter' to: [/*]
2019/10/20 === [localhost-startStop-1] === INFO   ===  org.springframework.boot.web.servlet.FilterRegistrationBean  ==  Mapping filter: 'hiddenHttpMethodFilter' to: [/*]
2019/10/20 === [localhost-startStop-1] === INFO   ===  org.springframework.boot.web.servlet.FilterRegistrationBean  ==  Mapping filter: 'httpPutFormContentFilter' to: [/*]
2019/10/20 === [localhost-startStop-1] === INFO   ===  org.springframework.boot.web.servlet.FilterRegistrationBean  ==  Mapping filter: 'requestContextFilter' to: [/*]
2019/10/20 === [restartedMain] === INFO   ===  org.springframework.orm.jpa.LocalContainerEntityManagerFactoryBean  ==  Building JPA container EntityManagerFactory for persistence unit 'default'
2019/10/20 === [restartedMain] === INFO   ===  org.hibernate.jpa.internal.util.LogHelper  ==  HHH000204: Processing PersistenceUnitInfo [
	name: default
	...]
2019/10/20 === [restartedMain] === INFO   ===  org.hibernate.Version  ==  HHH000412: Hibernate Core {5.0.11.Final}
2019/10/20 === [restartedMain] === INFO   ===  org.hibernate.cfg.Environment  ==  HHH000206: hibernate.properties not found
2019/10/20 === [restartedMain] === INFO   ===  org.hibernate.cfg.Environment  ==  HHH000021: Bytecode provider name : javassist
2019/10/20 === [restartedMain] === INFO   ===  org.hibernate.annotations.common.Version  ==  HCANN000001: Hibernate Commons Annotations {5.0.1.Final}
2019/10/20 === [restartedMain] === ERROR  ===  org.apache.tomcat.jdbc.pool.ConnectionPool  ==  Unable to create initial connections of pool.
com.mysql.jdbc.exceptions.jdbc4.MySQLSyntaxErrorException: Unknown database 'test'
	at sun.reflect.NativeConstructorAccessorImpl.newInstance0(Native Method) ~[?:1.8.0_77]
	at sun.reflect.NativeConstructorAccessorImpl.newInstance(NativeConstructorAccessorImpl.java:62) ~[?:1.8.0_77]
	at sun.reflect.DelegatingConstructorAccessorImpl.newInstance(DelegatingConstructorAccessorImpl.java:45) ~[?:1.8.0_77]
	at java.lang.reflect.Constructor.newInstance(Constructor.java:423) ~[?:1.8.0_77]
	at com.mysql.jdbc.Util.handleNewInstance(Util.java:404) ~[mysql-connector-java-5.1.39.jar:5.1.39]
	at com.mysql.jdbc.Util.getInstance(Util.java:387) ~[mysql-connector-java-5.1.39.jar:5.1.39]
	at com.mysql.jdbc.SQLError.createSQLException(SQLError.java:942) ~[mysql-connector-java-5.1.39.jar:5.1.39]
	at com.mysql.jdbc.MysqlIO.checkErrorPacket(MysqlIO.java:3966) ~[mysql-connector-java-5.1.39.jar:5.1.39]
	at com.mysql.jdbc.MysqlIO.checkErrorPacket(MysqlIO.java:3902) ~[mysql-connector-java-5.1.39.jar:5.1.39]
	at com.mysql.jdbc.MysqlIO.checkErrorPacket(MysqlIO.java:875) ~[mysql-connector-java-5.1.39.jar:5.1.39]
	at com.mysql.jdbc.MysqlIO.proceedHandshakeWithPluggableAuthentication(MysqlIO.java:1712) ~[mysql-connector-java-5.1.39.jar:5.1.39]
	at com.mysql.jdbc.MysqlIO.doHandshake(MysqlIO.java:1228) ~[mysql-connector-java-5.1.39.jar:5.1.39]
	at com.mysql.jdbc.ConnectionImpl.coreConnect(ConnectionImpl.java:2253) ~[mysql-connector-java-5.1.39.jar:5.1.39]
	at com.mysql.jdbc.ConnectionImpl.connectOneTryOnly(ConnectionImpl.java:2284) ~[mysql-connector-java-5.1.39.jar:5.1.39]
	at com.mysql.jdbc.ConnectionImpl.createNewIO(ConnectionImpl.java:2083) ~[mysql-connector-java-5.1.39.jar:5.1.39]
	at com.mysql.jdbc.ConnectionImpl.<init>(ConnectionImpl.java:806) ~[mysql-connector-java-5.1.39.jar:5.1.39]
	at com.mysql.jdbc.JDBC4Connection.<init>(JDBC4Connection.java:47) ~[mysql-connector-java-5.1.39.jar:5.1.39]
	at sun.reflect.NativeConstructorAccessorImpl.newInstance0(Native Method) ~[?:1.8.0_77]
	at sun.reflect.NativeConstructorAccessorImpl.newInstance(NativeConstructorAccessorImpl.java:62) ~[?:1.8.0_77]
	at sun.reflect.DelegatingConstructorAccessorImpl.newInstance(DelegatingConstructorAccessorImpl.java:45) ~[?:1.8.0_77]
	at java.lang.reflect.Constructor.newInstance(Constructor.java:423) ~[?:1.8.0_77]
	at com.mysql.jdbc.Util.handleNewInstance(Util.java:404) ~[mysql-connector-java-5.1.39.jar:5.1.39]
	at com.mysql.jdbc.ConnectionImpl.getInstance(ConnectionImpl.java:410) ~[mysql-connector-java-5.1.39.jar:5.1.39]
	at com.mysql.jdbc.NonRegisteringDriver.connect(NonRegisteringDriver.java:328) ~[mysql-connector-java-5.1.39.jar:5.1.39]
	at org.apache.tomcat.jdbc.pool.PooledConnection.connectUsingDriver(PooledConnection.java:310) ~[tomcat-jdbc-8.5.11.jar:?]
	at org.apache.tomcat.jdbc.pool.PooledConnection.connect(PooledConnection.java:203) ~[tomcat-jdbc-8.5.11.jar:?]
	at org.apache.tomcat.jdbc.pool.ConnectionPool.createConnection(ConnectionPool.java:732) ~[tomcat-jdbc-8.5.11.jar:?]
	at org.apache.tomcat.jdbc.pool.ConnectionPool.borrowConnection(ConnectionPool.java:664) ~[tomcat-jdbc-8.5.11.jar:?]
	at org.apache.tomcat.jdbc.pool.ConnectionPool.init(ConnectionPool.java:479) [tomcat-jdbc-8.5.11.jar:?]
	at org.apache.tomcat.jdbc.pool.ConnectionPool.<init>(ConnectionPool.java:154) [tomcat-jdbc-8.5.11.jar:?]
	at org.apache.tomcat.jdbc.pool.DataSourceProxy.pCreatePool(DataSourceProxy.java:118) [tomcat-jdbc-8.5.11.jar:?]
	at org.apache.tomcat.jdbc.pool.DataSourceProxy.createPool(DataSourceProxy.java:107) [tomcat-jdbc-8.5.11.jar:?]
	at org.apache.tomcat.jdbc.pool.DataSourceProxy.getConnection(DataSourceProxy.java:131) [tomcat-jdbc-8.5.11.jar:?]
	at org.hibernate.engine.jdbc.connections.internal.DatasourceConnectionProviderImpl.getConnection(DatasourceConnectionProviderImpl.java:122) [hibernate-core-5.0.11.Final.jar:5.0.11.Final]
	at org.hibernate.engine.jdbc.env.internal.JdbcEnvironmentInitiator$ConnectionProviderJdbcConnectionAccess.obtainConnection(JdbcEnvironmentInitiator.java:180) [hibernate-core-5.0.11.Final.jar:5.0.11.Final]
	at org.hibernate.engine.jdbc.env.internal.JdbcEnvironmentInitiator.initiateService(JdbcEnvironmentInitiator.java:68) [hibernate-core-5.0.11.Final.jar:5.0.11.Final]
	at org.hibernate.engine.jdbc.env.internal.JdbcEnvironmentInitiator.initiateService(JdbcEnvironmentInitiator.java:35) [hibernate-core-5.0.11.Final.jar:5.0.11.Final]
	at org.hibernate.boot.registry.internal.StandardServiceRegistryImpl.initiateService(StandardServiceRegistryImpl.java:88) [hibernate-core-5.0.11.Final.jar:5.0.11.Final]
	at org.hibernate.service.internal.AbstractServiceRegistryImpl.createService(AbstractServiceRegistryImpl.java:254) [hibernate-core-5.0.11.Final.jar:5.0.11.Final]
	at org.hibernate.service.internal.AbstractServiceRegistryImpl.initializeService(AbstractServiceRegistryImpl.java:228) [hibernate-core-5.0.11.Final.jar:5.0.11.Final]
	at org.hibernate.service.internal.AbstractServiceRegistryImpl.getService(AbstractServiceRegistryImpl.java:207) [hibernate-core-5.0.11.Final.jar:5.0.11.Final]
	at org.hibernate.engine.jdbc.internal.JdbcServicesImpl.configure(JdbcServicesImpl.java:51) [hibernate-core-5.0.11.Final.jar:5.0.11.Final]
	at org.hibernate.boot.registry.internal.StandardServiceRegistryImpl.configureService(StandardServiceRegistryImpl.java:94) [hibernate-core-5.0.11.Final.jar:5.0.11.Final]
	at org.hibernate.service.internal.AbstractServiceRegistryImpl.initializeService(AbstractServiceRegistryImpl.java:237) [hibernate-core-5.0.11.Final.jar:5.0.11.Final]
	at org.hibernate.service.internal.AbstractServiceRegistryImpl.getService(AbstractServiceRegistryImpl.java:207) [hibernate-core-5.0.11.Final.jar:5.0.11.Final]
	at org.hibernate.boot.model.process.spi.MetadataBuildingProcess.handleTypes(MetadataBuildingProcess.java:352) [hibernate-core-5.0.11.Final.jar:5.0.11.Final]
	at org.hibernate.boot.model.process.spi.MetadataBuildingProcess.complete(MetadataBuildingProcess.java:111) [hibernate-core-5.0.11.Final.jar:5.0.11.Final]
	at org.hibernate.jpa.boot.internal.EntityManagerFactoryBuilderImpl.metadata(EntityManagerFactoryBuilderImpl.java:847) [hibernate-entitymanager-5.0.11.Final.jar:5.0.11.Final]
	at org.hibernate.jpa.boot.internal.EntityManagerFactoryBuilderImpl.build(EntityManagerFactoryBuilderImpl.java:874) [hibernate-entitymanager-5.0.11.Final.jar:5.0.11.Final]
	at org.springframework.orm.jpa.vendor.SpringHibernateJpaPersistenceProvider.createContainerEntityManagerFactory(SpringHibernateJpaPersistenceProvider.java:60) [spring-orm-4.3.6.RELEASE.jar:4.3.6.RELEASE]
	at org.springframework.orm.jpa.LocalContainerEntityManagerFactoryBean.createNativeEntityManagerFactory(LocalContainerEntityManagerFactoryBean.java:353) [spring-orm-4.3.6.RELEASE.jar:4.3.6.RELEASE]
	at org.springframework.orm.jpa.AbstractEntityManagerFactoryBean.buildNativeEntityManagerFactory(AbstractEntityManagerFactoryBean.java:373) [spring-orm-4.3.6.RELEASE.jar:4.3.6.RELEASE]
	at org.springframework.orm.jpa.AbstractEntityManagerFactoryBean.afterPropertiesSet(AbstractEntityManagerFactoryBean.java:362) [spring-orm-4.3.6.RELEASE.jar:4.3.6.RELEASE]
	at org.springframework.beans.factory.support.AbstractAutowireCapableBeanFactory.invokeInitMethods(AbstractAutowireCapableBeanFactory.java:1687) [spring-beans-4.3.6.RELEASE.jar:4.3.6.RELEASE]
	at org.springframework.beans.factory.support.AbstractAutowireCapableBeanFactory.initializeBean(AbstractAutowireCapableBeanFactory.java:1624) [spring-beans-4.3.6.RELEASE.jar:4.3.6.RELEASE]
	at org.springframework.beans.factory.support.AbstractAutowireCapableBeanFactory.doCreateBean(AbstractAutowireCapableBeanFactory.java:555) [spring-beans-4.3.6.RELEASE.jar:4.3.6.RELEASE]
	at org.springframework.beans.factory.support.AbstractAutowireCapableBeanFactory.createBean(AbstractAutowireCapableBeanFactory.java:483) [spring-beans-4.3.6.RELEASE.jar:4.3.6.RELEASE]
	at org.springframework.beans.factory.support.AbstractBeanFactory$1.getObject(AbstractBeanFactory.java:306) [spring-beans-4.3.6.RELEASE.jar:4.3.6.RELEASE]
	at org.springframework.beans.factory.support.DefaultSingletonBeanRegistry.getSingleton(DefaultSingletonBeanRegistry.java:230) [spring-beans-4.3.6.RELEASE.jar:4.3.6.RELEASE]
	at org.springframework.beans.factory.support.AbstractBeanFactory.doGetBean(AbstractBeanFactory.java:302) [spring-beans-4.3.6.RELEASE.jar:4.3.6.RELEASE]
	at org.springframework.beans.factory.support.AbstractBeanFactory.getBean(AbstractBeanFactory.java:197) [spring-beans-4.3.6.RELEASE.jar:4.3.6.RELEASE]
	at org.springframework.context.support.AbstractApplicationContext.getBean(AbstractApplicationContext.java:1081) [spring-context-4.3.6.RELEASE.jar:4.3.6.RELEASE]
	at org.springframework.context.support.AbstractApplicationContext.finishBeanFactoryInitialization(AbstractApplicationContext.java:856) [spring-context-4.3.6.RELEASE.jar:4.3.6.RELEASE]
	at org.springframework.context.support.AbstractApplicationContext.refresh(AbstractApplicationContext.java:542) [spring-context-4.3.6.RELEASE.jar:4.3.6.RELEASE]
	at org.springframework.boot.context.embedded.EmbeddedWebApplicationContext.refresh(EmbeddedWebApplicationContext.java:122) [spring-boot-1.5.1.RELEASE.jar:1.5.1.RELEASE]
	at org.springframework.boot.SpringApplication.refresh(SpringApplication.java:737) [spring-boot-1.5.1.RELEASE.jar:1.5.1.RELEASE]
	at org.springframework.boot.SpringApplication.refreshContext(SpringApplication.java:370) [spring-boot-1.5.1.RELEASE.jar:1.5.1.RELEASE]
	at org.springframework.boot.SpringApplication.run(SpringApplication.java:314) [spring-boot-1.5.1.RELEASE.jar:1.5.1.RELEASE]
	at org.springframework.boot.SpringApplication.run(SpringApplication.java:1162) [spring-boot-1.5.1.RELEASE.jar:1.5.1.RELEASE]
	at org.springframework.boot.SpringApplication.run(SpringApplication.java:1151) [spring-boot-1.5.1.RELEASE.jar:1.5.1.RELEASE]
	at com.netease.entry.Entry.main(Entry.java:12) [classes/:?]
	at sun.reflect.NativeMethodAccessorImpl.invoke0(Native Method) ~[?:1.8.0_77]
	at sun.reflect.NativeMethodAccessorImpl.invoke(NativeMethodAccessorImpl.java:62) ~[?:1.8.0_77]
	at sun.reflect.DelegatingMethodAccessorImpl.invoke(DelegatingMethodAccessorImpl.java:43) ~[?:1.8.0_77]
	at java.lang.reflect.Method.invoke(Method.java:498) ~[?:1.8.0_77]
	at org.springframework.boot.devtools.restart.RestartLauncher.run(RestartLauncher.java:49) [spring-boot-devtools-1.5.1.RELEASE.jar:1.5.1.RELEASE]
2019/10/20 === [restartedMain] === WARN   ===  org.hibernate.engine.jdbc.env.internal.JdbcEnvironmentInitiator  ==  HHH000342: Could not obtain connection to query metadata : Unknown database 'test'
2019/10/20 === [restartedMain] === INFO   ===  org.hibernate.dialect.Dialect  ==  HHH000400: Using dialect: org.hibernate.dialect.MySQL5Dialect
2019/10/20 === [restartedMain] === INFO   ===  org.hibernate.engine.jdbc.env.internal.LobCreatorBuilderImpl  ==  HHH000422: Disabling contextual LOB creation as connection was null
2019/10/20 === [restartedMain] === WARN   ===  org.hibernate.boot.internal.SessionFactoryBuilderImpl  ==  Unrecognized hbm2ddl_auto value : update .  Supported values include create, create-drop, update, and validate.  Ignoring
2019/10/20 === [restartedMain] === INFO   ===  org.springframework.orm.jpa.LocalContainerEntityManagerFactoryBean  ==  Initialized JPA EntityManagerFactory for persistence unit 'default'
2019/10/20 === [restartedMain] === INFO   ===  org.hibernate.hql.internal.QueryTranslatorFactoryInitiator  ==  HHH000397: Using ASTQueryTranslatorFactory
2019/10/20 === [restartedMain] === INFO   ===  org.springframework.web.servlet.mvc.method.annotation.RequestMappingHandlerAdapter  ==  Looking for @ControllerAdvice: org.springframework.boot.context.embedded.AnnotationConfigEmbeddedWebApplicationContext@3360cd12: startup date [Sun Oct 20 01:47:08 GMT+08:00 2019]; root of context hierarchy
2019/10/20 === [restartedMain] === INFO   ===  org.springframework.web.servlet.mvc.method.annotation.RequestMappingHandlerMapping  ==  Mapped "{[/logInfo]}" onto java.lang.String com.netease.controller.DoTraceController.home()
2019/10/20 === [restartedMain] === INFO   ===  org.springframework.web.servlet.mvc.method.annotation.RequestMappingHandlerMapping  ==  Mapped "{[/rest/]}" onto java.lang.String com.netease.controller.RestControllers.home()
2019/10/20 === [restartedMain] === INFO   ===  org.springframework.web.servlet.mvc.method.annotation.RequestMappingHandlerMapping  ==  Mapped "{[/rest/json/{name}]}" onto public java.util.Map<java.lang.Object, java.lang.Object> com.netease.controller.RestControllers.show(java.lang.String)
2019/10/20 === [restartedMain] === INFO   ===  org.springframework.web.servlet.mvc.method.annotation.RequestMappingHandlerMapping  ==  Mapped "{[/user/index]}" onto public java.lang.String com.netease.controller.UserController.index()
2019/10/20 === [restartedMain] === INFO   ===  org.springframework.web.servlet.mvc.method.annotation.RequestMappingHandlerMapping  ==  Mapped "{[/user/show]}" onto public java.lang.String com.netease.controller.UserController.show(java.lang.String)
2019/10/20 === [restartedMain] === INFO   ===  org.springframework.web.servlet.mvc.method.annotation.RequestMappingHandlerMapping  ==  Mapped "{[/user/show/{personalPath}]}" onto public java.lang.String com.netease.controller.UserController.show2(java.lang.String)
2019/10/20 === [restartedMain] === INFO   ===  org.springframework.web.servlet.mvc.method.annotation.RequestMappingHandlerMapping  ==  Mapped "{[/error]}" onto public org.springframework.http.ResponseEntity<java.util.Map<java.lang.String, java.lang.Object>> org.springframework.boot.autoconfigure.web.BasicErrorController.error(javax.servlet.http.HttpServletRequest)
2019/10/20 === [restartedMain] === INFO   ===  org.springframework.web.servlet.mvc.method.annotation.RequestMappingHandlerMapping  ==  Mapped "{[/error],produces=[text/html]}" onto public org.springframework.web.servlet.ModelAndView org.springframework.boot.autoconfigure.web.BasicErrorController.errorHtml(javax.servlet.http.HttpServletRequest,javax.servlet.http.HttpServletResponse)
2019/10/20 === [restartedMain] === INFO   ===  org.springframework.web.servlet.handler.SimpleUrlHandlerMapping  ==  Mapped URL path [/webjars/**] onto handler of type [class org.springframework.web.servlet.resource.ResourceHttpRequestHandler]
2019/10/20 === [restartedMain] === INFO   ===  org.springframework.web.servlet.handler.SimpleUrlHandlerMapping  ==  Mapped URL path [/static/**] onto handler of type [class org.springframework.web.servlet.resource.ResourceHttpRequestHandler]
2019/10/20 === [restartedMain] === INFO   ===  org.springframework.web.servlet.handler.SimpleUrlHandlerMapping  ==  Mapped URL path [/**/favicon.ico] onto handler of type [class org.springframework.web.servlet.resource.ResourceHttpRequestHandler]
2019/10/20 === [restartedMain] === INFO   ===  org.springframework.boot.devtools.autoconfigure.OptionalLiveReloadServer  ==  LiveReload server is running on port 35729
2019/10/20 === [restartedMain] === INFO   ===  org.springframework.jmx.export.annotation.AnnotationMBeanExporter  ==  Registering beans for JMX exposure on startup
2019/10/20 === [restartedMain] === INFO   ===  org.springframework.boot.context.embedded.tomcat.TomcatEmbeddedServletContainer  ==  Tomcat started on port(s): 8080 (http)
2019/10/20 === [restartedMain] === INFO   ===  com.netease.entry.Entry  ==  Started Entry in 2.76 seconds (JVM running for 3.661)
2019/10/20 === [http-nio-8080-exec-1] === INFO   ===  org.apache.catalina.core.ContainerBase.[Tomcat].[localhost].[/]  ==  Initializing Spring FrameworkServlet 'dispatcherServlet'
2019/10/20 === [http-nio-8080-exec-1] === INFO   ===  org.springframework.web.servlet.DispatcherServlet  ==  FrameworkServlet 'dispatcherServlet': initialization started
2019/10/20 === [http-nio-8080-exec-1] === INFO   ===  org.springframework.web.servlet.DispatcherServlet  ==  FrameworkServlet 'dispatcherServlet': initialization completed in 21 ms
2019/10/20 === [http-nio-8080-exec-1] === TRACE  ===  com.netease.controller.DoTraceController  ==  ---------trace------------
2019/10/20 === [http-nio-8080-exec-1] === DEBUG  ===  com.netease.controller.DoTraceController  ==  ---------debug------------
2019/10/20 === [http-nio-8080-exec-1] === INFO   ===  com.netease.controller.DoTraceController  ==  这是DoTraceController test
2019/10/20 === [http-nio-8080-exec-1] === WARN   ===  com.netease.controller.DoTraceController  ==  ---------warn------------
2019/10/20 === [http-nio-8080-exec-1] === ERROR  ===  com.netease.controller.DoTraceController  ==  ---------error------------
