2019/10/21 === [restartedMain] === INFO   ===  com.netease.entry.Entry  ==  Starting Entry on MSI with PID 12904 (E:\workspace\IDEA\SpringBootDemo\springbootdemo\boot-web\target\classes started by 11651 in E:\workspace\IDEA\SpringBootDemo\springbootdemo)
2019/10/21 === [restartedMain] === DEBUG  ===  com.netease.entry.Entry  ==  Running with Spring Boot v1.5.1.RELEASE, Spring v4.3.6.RELEASE
2019/10/21 === [restartedMain] === INFO   ===  com.netease.entry.Entry  ==  The following profiles are active: dev
2019/10/21 === [restartedMain] === INFO   ===  org.springframework.boot.context.embedded.AnnotationConfigEmbeddedWebApplicationContext  ==  Refreshing org.springframework.boot.context.embedded.AnnotationConfigEmbeddedWebApplicationContext@61c18ba2: startup date [Mon Oct 21 20:33:17 GMT+08:00 2019]; root of context hierarchy
2019/10/21 === [restartedMain] === INFO   ===  org.springframework.context.support.PostProcessorRegistrationDelegate$BeanPostProcessorChecker  ==  Bean 'jpaConfiguration' of type [class com.netease.configuration.JpaConfiguration$$EnhancerBySpringCGLIB$$1baad6f3] is not eligible for getting processed by all BeanPostProcessors (for example: not eligible for auto-proxying)
2019/10/21 === [restartedMain] === INFO   ===  org.springframework.context.support.PostProcessorRegistrationDelegate$BeanPostProcessorChecker  ==  Bean 'org.springframework.boot.autoconfigure.validation.ValidationAutoConfiguration' of type [class org.springframework.boot.autoconfigure.validation.ValidationAutoConfiguration] is not eligible for getting processed by all BeanPostProcessors (for example: not eligible for auto-proxying)
2019/10/21 === [restartedMain] === INFO   ===  org.springframework.context.support.PostProcessorRegistrationDelegate$BeanPostProcessorChecker  ==  Bean 'validator' of type [class org.springframework.validation.beanvalidation.LocalValidatorFactoryBean] is not eligible for getting processed by all BeanPostProcessors (for example: not eligible for auto-proxying)
2019/10/21 === [restartedMain] === INFO   ===  org.springframework.context.support.PostProcessorRegistrationDelegate$BeanPostProcessorChecker  ==  Bean 'org.springframework.transaction.annotation.ProxyTransactionManagementConfiguration' of type [class org.springframework.transaction.annotation.ProxyTransactionManagementConfiguration$$EnhancerBySpringCGLIB$$714ec2eb] is not eligible for getting processed by all BeanPostProcessors (for example: not eligible for auto-proxying)
2019/10/21 === [restartedMain] === INFO   ===  org.springframework.boot.context.embedded.tomcat.TomcatEmbeddedServletContainer  ==  Tomcat initialized with port(s): 8080 (http)
2019/10/21 === [restartedMain] === INFO   ===  org.apache.catalina.core.StandardService  ==  Starting service Tomcat
2019/10/21 === [restartedMain] === INFO   ===  org.apache.catalina.core.StandardEngine  ==  Starting Servlet Engine: Apache Tomcat/8.5.11
2019/10/21 === [localhost-startStop-1] === INFO   ===  org.apache.catalina.core.ContainerBase.[Tomcat].[localhost].[/]  ==  Initializing Spring embedded WebApplicationContext
2019/10/21 === [localhost-startStop-1] === INFO   ===  org.springframework.web.context.ContextLoader  ==  Root WebApplicationContext: initialization completed in 1136 ms
2019/10/21 === [localhost-startStop-1] === INFO   ===  org.springframework.boot.web.servlet.ServletRegistrationBean  ==  Mapping servlet: 'dispatcherServlet' to [/]
2019/10/21 === [localhost-startStop-1] === INFO   ===  org.springframework.boot.web.servlet.FilterRegistrationBean  ==  Mapping filter: 'characterEncodingFilter' to: [/*]
2019/10/21 === [localhost-startStop-1] === INFO   ===  org.springframework.boot.web.servlet.FilterRegistrationBean  ==  Mapping filter: 'hiddenHttpMethodFilter' to: [/*]
2019/10/21 === [localhost-startStop-1] === INFO   ===  org.springframework.boot.web.servlet.FilterRegistrationBean  ==  Mapping filter: 'httpPutFormContentFilter' to: [/*]
2019/10/21 === [localhost-startStop-1] === INFO   ===  org.springframework.boot.web.servlet.FilterRegistrationBean  ==  Mapping filter: 'requestContextFilter' to: [/*]
2019/10/21 === [restartedMain] === INFO   ===  org.springframework.orm.jpa.LocalContainerEntityManagerFactoryBean  ==  Building JPA container EntityManagerFactory for persistence unit 'default'
2019/10/21 === [restartedMain] === INFO   ===  org.hibernate.jpa.internal.util.LogHelper  ==  HHH000204: Processing PersistenceUnitInfo [
	name: default
	...]
2019/10/21 === [restartedMain] === INFO   ===  org.hibernate.Version  ==  HHH000412: Hibernate Core {5.0.11.Final}
2019/10/21 === [restartedMain] === INFO   ===  org.hibernate.cfg.Environment  ==  HHH000206: hibernate.properties not found
2019/10/21 === [restartedMain] === INFO   ===  org.hibernate.cfg.Environment  ==  HHH000021: Bytecode provider name : javassist
2019/10/21 === [restartedMain] === INFO   ===  org.hibernate.annotations.common.Version  ==  HCANN000001: Hibernate Commons Annotations {5.0.1.Final}
2019/10/21 === [restartedMain] === INFO   ===  org.hibernate.dialect.Dialect  ==  HHH000400: Using dialect: org.hibernate.dialect.MySQL5Dialect
2019/10/21 === [restartedMain] === WARN   ===  org.hibernate.boot.internal.SessionFactoryBuilderImpl  ==  Unrecognized hbm2ddl_auto value : update .  Supported values include create, create-drop, update, and validate.  Ignoring
2019/10/21 === [restartedMain] === INFO   ===  org.springframework.orm.jpa.LocalContainerEntityManagerFactoryBean  ==  Initialized JPA EntityManagerFactory for persistence unit 'default'
2019/10/21 === [restartedMain] === INFO   ===  org.hibernate.hql.internal.QueryTranslatorFactoryInitiator  ==  HHH000397: Using ASTQueryTranslatorFactory
2019/10/21 === [restartedMain] === INFO   ===  org.springframework.web.servlet.mvc.method.annotation.RequestMappingHandlerAdapter  ==  Looking for @ControllerAdvice: org.springframework.boot.context.embedded.AnnotationConfigEmbeddedWebApplicationContext@61c18ba2: startup date [Mon Oct 21 20:33:17 GMT+08:00 2019]; root of context hierarchy
2019/10/21 === [restartedMain] === INFO   ===  org.springframework.web.servlet.mvc.method.annotation.RequestMappingHandlerMapping  ==  Mapped "{[/logInfo]}" onto java.lang.String com.netease.controller.DoTraceController.home()
2019/10/21 === [restartedMain] === INFO   ===  org.springframework.web.servlet.mvc.method.annotation.RequestMappingHandlerMapping  ==  Mapped "{[/rest/]}" onto java.lang.String com.netease.controller.RestControllers.home()
2019/10/21 === [restartedMain] === INFO   ===  org.springframework.web.servlet.mvc.method.annotation.RequestMappingHandlerMapping  ==  Mapped "{[/rest/json/{name}]}" onto public java.util.Map<java.lang.Object, java.lang.Object> com.netease.controller.RestControllers.show(java.lang.String)
2019/10/21 === [restartedMain] === INFO   ===  org.springframework.web.servlet.mvc.method.annotation.RequestMappingHandlerMapping  ==  Mapped "{[/user/index]}" onto public java.lang.String com.netease.controller.UserController.index()
2019/10/21 === [restartedMain] === INFO   ===  org.springframework.web.servlet.mvc.method.annotation.RequestMappingHandlerMapping  ==  Mapped "{[/user/show/{personalPath}]}" onto public java.lang.String com.netease.controller.UserController.show2(java.lang.String)
2019/10/21 === [restartedMain] === INFO   ===  org.springframework.web.servlet.mvc.method.annotation.RequestMappingHandlerMapping  ==  Mapped "{[/user/show]}" onto public java.lang.String com.netease.controller.UserController.show(java.lang.String)
2019/10/21 === [restartedMain] === INFO   ===  org.springframework.web.servlet.mvc.method.annotation.RequestMappingHandlerMapping  ==  Mapped "{[/error]}" onto public org.springframework.http.ResponseEntity<java.util.Map<java.lang.String, java.lang.Object>> org.springframework.boot.autoconfigure.web.BasicErrorController.error(javax.servlet.http.HttpServletRequest)
2019/10/21 === [restartedMain] === INFO   ===  org.springframework.web.servlet.mvc.method.annotation.RequestMappingHandlerMapping  ==  Mapped "{[/error],produces=[text/html]}" onto public org.springframework.web.servlet.ModelAndView org.springframework.boot.autoconfigure.web.BasicErrorController.errorHtml(javax.servlet.http.HttpServletRequest,javax.servlet.http.HttpServletResponse)
2019/10/21 === [restartedMain] === INFO   ===  org.springframework.web.servlet.handler.SimpleUrlHandlerMapping  ==  Mapped URL path [/webjars/**] onto handler of type [class org.springframework.web.servlet.resource.ResourceHttpRequestHandler]
2019/10/21 === [restartedMain] === INFO   ===  org.springframework.web.servlet.handler.SimpleUrlHandlerMapping  ==  Mapped URL path [/static/**] onto handler of type [class org.springframework.web.servlet.resource.ResourceHttpRequestHandler]
2019/10/21 === [restartedMain] === INFO   ===  org.springframework.web.servlet.handler.SimpleUrlHandlerMapping  ==  Mapped URL path [/**/favicon.ico] onto handler of type [class org.springframework.web.servlet.resource.ResourceHttpRequestHandler]
2019/10/21 === [restartedMain] === INFO   ===  org.springframework.boot.devtools.autoconfigure.OptionalLiveReloadServer  ==  LiveReload server is running on port 35729
2019/10/21 === [restartedMain] === INFO   ===  org.springframework.jmx.export.annotation.AnnotationMBeanExporter  ==  Registering beans for JMX exposure on startup
2019/10/21 === [restartedMain] === INFO   ===  org.springframework.boot.context.embedded.tomcat.TomcatEmbeddedServletContainer  ==  Tomcat started on port(s): 8080 (http)
2019/10/21 === [restartedMain] === INFO   ===  com.netease.entry.Entry  ==  Started Entry in 3.066 seconds (JVM running for 3.847)
2019/10/21 === [http-nio-8080-exec-1] === INFO   ===  org.apache.catalina.core.ContainerBase.[Tomcat].[localhost].[/]  ==  Initializing Spring FrameworkServlet 'dispatcherServlet'
2019/10/21 === [http-nio-8080-exec-1] === INFO   ===  org.springframework.web.servlet.DispatcherServlet  ==  FrameworkServlet 'dispatcherServlet': initialization started
2019/10/21 === [http-nio-8080-exec-1] === INFO   ===  org.springframework.web.servlet.DispatcherServlet  ==  FrameworkServlet 'dispatcherServlet': initialization completed in 16 ms
2019/10/21 === [http-nio-8080-exec-1] === WARN   ===  org.springframework.web.servlet.PageNotFound  ==  No mapping found for HTTP request with URI [/user/] in DispatcherServlet with name 'dispatcherServlet'
2019/10/21 === [http-nio-8080-exec-2] === INFO   ===  com.netease.controller.UserController  ==  这是UserController Test
2019/10/21 === [restartedMain] === INFO   ===  com.netease.entry.Entry  ==  Starting Entry on MSI with PID 13644 (E:\workspace\IDEA\SpringBootDemo\springbootdemo\boot-web\target\classes started by 11651 in E:\workspace\IDEA\SpringBootDemo\springbootdemo)
2019/10/21 === [restartedMain] === DEBUG  ===  com.netease.entry.Entry  ==  Running with Spring Boot v1.5.1.RELEASE, Spring v4.3.6.RELEASE
2019/10/21 === [restartedMain] === INFO   ===  com.netease.entry.Entry  ==  The following profiles are active: dev
2019/10/21 === [restartedMain] === INFO   ===  org.springframework.boot.context.embedded.AnnotationConfigEmbeddedWebApplicationContext  ==  Refreshing org.springframework.boot.context.embedded.AnnotationConfigEmbeddedWebApplicationContext@5f18f094: startup date [Mon Oct 21 20:44:02 GMT+08:00 2019]; root of context hierarchy
2019/10/21 === [restartedMain] === INFO   ===  org.springframework.context.support.PostProcessorRegistrationDelegate$BeanPostProcessorChecker  ==  Bean 'jpaConfiguration' of type [class com.netease.configuration.JpaConfiguration$$EnhancerBySpringCGLIB$$1d05db05] is not eligible for getting processed by all BeanPostProcessors (for example: not eligible for auto-proxying)
2019/10/21 === [restartedMain] === INFO   ===  org.springframework.context.support.PostProcessorRegistrationDelegate$BeanPostProcessorChecker  ==  Bean 'org.springframework.boot.autoconfigure.validation.ValidationAutoConfiguration' of type [class org.springframework.boot.autoconfigure.validation.ValidationAutoConfiguration] is not eligible for getting processed by all BeanPostProcessors (for example: not eligible for auto-proxying)
2019/10/21 === [restartedMain] === INFO   ===  org.springframework.context.support.PostProcessorRegistrationDelegate$BeanPostProcessorChecker  ==  Bean 'validator' of type [class org.springframework.validation.beanvalidation.LocalValidatorFactoryBean] is not eligible for getting processed by all BeanPostProcessors (for example: not eligible for auto-proxying)
2019/10/21 === [restartedMain] === INFO   ===  org.springframework.context.support.PostProcessorRegistrationDelegate$BeanPostProcessorChecker  ==  Bean 'org.springframework.transaction.annotation.ProxyTransactionManagementConfiguration' of type [class org.springframework.transaction.annotation.ProxyTransactionManagementConfiguration$$EnhancerBySpringCGLIB$$72a9c6fd] is not eligible for getting processed by all BeanPostProcessors (for example: not eligible for auto-proxying)
2019/10/21 === [restartedMain] === INFO   ===  org.springframework.boot.context.embedded.tomcat.TomcatEmbeddedServletContainer  ==  Tomcat initialized with port(s): 8080 (http)
2019/10/21 === [restartedMain] === INFO   ===  org.apache.catalina.core.StandardService  ==  Starting service Tomcat
2019/10/21 === [restartedMain] === INFO   ===  org.apache.catalina.core.StandardEngine  ==  Starting Servlet Engine: Apache Tomcat/8.5.11
2019/10/21 === [localhost-startStop-1] === INFO   ===  org.apache.catalina.core.ContainerBase.[Tomcat].[localhost].[/]  ==  Initializing Spring embedded WebApplicationContext
2019/10/21 === [localhost-startStop-1] === INFO   ===  org.springframework.web.context.ContextLoader  ==  Root WebApplicationContext: initialization completed in 3625 ms
2019/10/21 === [localhost-startStop-1] === INFO   ===  org.springframework.boot.web.servlet.ServletRegistrationBean  ==  Mapping servlet: 'dispatcherServlet' to [/]
2019/10/21 === [localhost-startStop-1] === INFO   ===  org.springframework.boot.web.servlet.FilterRegistrationBean  ==  Mapping filter: 'characterEncodingFilter' to: [/*]
2019/10/21 === [localhost-startStop-1] === INFO   ===  org.springframework.boot.web.servlet.FilterRegistrationBean  ==  Mapping filter: 'hiddenHttpMethodFilter' to: [/*]
2019/10/21 === [localhost-startStop-1] === INFO   ===  org.springframework.boot.web.servlet.FilterRegistrationBean  ==  Mapping filter: 'httpPutFormContentFilter' to: [/*]
2019/10/21 === [localhost-startStop-1] === INFO   ===  org.springframework.boot.web.servlet.FilterRegistrationBean  ==  Mapping filter: 'requestContextFilter' to: [/*]
2019/10/21 === [restartedMain] === INFO   ===  org.springframework.orm.jpa.LocalContainerEntityManagerFactoryBean  ==  Building JPA container EntityManagerFactory for persistence unit 'default'
2019/10/21 === [restartedMain] === INFO   ===  org.hibernate.jpa.internal.util.LogHelper  ==  HHH000204: Processing PersistenceUnitInfo [
	name: default
	...]
2019/10/21 === [restartedMain] === INFO   ===  org.hibernate.Version  ==  HHH000412: Hibernate Core {5.0.11.Final}
2019/10/21 === [restartedMain] === INFO   ===  org.hibernate.cfg.Environment  ==  HHH000206: hibernate.properties not found
2019/10/21 === [restartedMain] === INFO   ===  org.hibernate.cfg.Environment  ==  HHH000021: Bytecode provider name : javassist
2019/10/21 === [restartedMain] === INFO   ===  org.hibernate.annotations.common.Version  ==  HCANN000001: Hibernate Commons Annotations {5.0.1.Final}
2019/10/21 === [restartedMain] === INFO   ===  org.hibernate.dialect.Dialect  ==  HHH000400: Using dialect: org.hibernate.dialect.MySQL5Dialect
2019/10/21 === [restartedMain] === WARN   ===  org.hibernate.boot.internal.SessionFactoryBuilderImpl  ==  Unrecognized hbm2ddl_auto value : update .  Supported values include create, create-drop, update, and validate.  Ignoring
2019/10/21 === [restartedMain] === INFO   ===  org.springframework.orm.jpa.LocalContainerEntityManagerFactoryBean  ==  Initialized JPA EntityManagerFactory for persistence unit 'default'
2019/10/21 === [restartedMain] === INFO   ===  org.hibernate.hql.internal.QueryTranslatorFactoryInitiator  ==  HHH000397: Using ASTQueryTranslatorFactory
2019/10/21 === [restartedMain] === INFO   ===  org.springframework.web.servlet.mvc.method.annotation.RequestMappingHandlerAdapter  ==  Looking for @ControllerAdvice: org.springframework.boot.context.embedded.AnnotationConfigEmbeddedWebApplicationContext@5f18f094: startup date [Mon Oct 21 20:44:02 GMT+08:00 2019]; root of context hierarchy
2019/10/21 === [restartedMain] === INFO   ===  org.springframework.web.servlet.mvc.method.annotation.RequestMappingHandlerMapping  ==  Mapped "{[/logInfo]}" onto java.lang.String com.netease.controller.DoTraceController.home()
2019/10/21 === [restartedMain] === INFO   ===  org.springframework.web.servlet.mvc.method.annotation.RequestMappingHandlerMapping  ==  Mapped "{[/rest/]}" onto java.lang.String com.netease.controller.RestControllers.home()
2019/10/21 === [restartedMain] === INFO   ===  org.springframework.web.servlet.mvc.method.annotation.RequestMappingHandlerMapping  ==  Mapped "{[/rest/json/{name}]}" onto public java.util.Map<java.lang.Object, java.lang.Object> com.netease.controller.RestControllers.show(java.lang.String)
2019/10/21 === [restartedMain] === INFO   ===  org.springframework.web.servlet.mvc.method.annotation.RequestMappingHandlerMapping  ==  Mapped "{[/user/index]}" onto public java.lang.String com.netease.controller.UserController.index()
2019/10/21 === [restartedMain] === INFO   ===  org.springframework.web.servlet.mvc.method.annotation.RequestMappingHandlerMapping  ==  Mapped "{[/user/show]}" onto public java.lang.String com.netease.controller.UserController.show(java.lang.String)
2019/10/21 === [restartedMain] === INFO   ===  org.springframework.web.servlet.mvc.method.annotation.RequestMappingHandlerMapping  ==  Mapped "{[/user/show/{personalPath}]}" onto public java.lang.String com.netease.controller.UserController.show2(java.lang.String)
2019/10/21 === [restartedMain] === INFO   ===  org.springframework.web.servlet.mvc.method.annotation.RequestMappingHandlerMapping  ==  Mapped "{[/error]}" onto public org.springframework.http.ResponseEntity<java.util.Map<java.lang.String, java.lang.Object>> org.springframework.boot.autoconfigure.web.BasicErrorController.error(javax.servlet.http.HttpServletRequest)
2019/10/21 === [restartedMain] === INFO   ===  org.springframework.web.servlet.mvc.method.annotation.RequestMappingHandlerMapping  ==  Mapped "{[/error],produces=[text/html]}" onto public org.springframework.web.servlet.ModelAndView org.springframework.boot.autoconfigure.web.BasicErrorController.errorHtml(javax.servlet.http.HttpServletRequest,javax.servlet.http.HttpServletResponse)
2019/10/21 === [restartedMain] === INFO   ===  org.springframework.web.servlet.handler.SimpleUrlHandlerMapping  ==  Mapped URL path [/webjars/**] onto handler of type [class org.springframework.web.servlet.resource.ResourceHttpRequestHandler]
2019/10/21 === [restartedMain] === INFO   ===  org.springframework.web.servlet.handler.SimpleUrlHandlerMapping  ==  Mapped URL path [/static/**] onto handler of type [class org.springframework.web.servlet.resource.ResourceHttpRequestHandler]
2019/10/21 === [restartedMain] === INFO   ===  org.springframework.web.servlet.handler.SimpleUrlHandlerMapping  ==  Mapped URL path [/**/favicon.ico] onto handler of type [class org.springframework.web.servlet.resource.ResourceHttpRequestHandler]
2019/10/21 === [restartedMain] === INFO   ===  org.springframework.boot.devtools.autoconfigure.OptionalLiveReloadServer  ==  LiveReload server is running on port 35729
2019/10/21 === [restartedMain] === INFO   ===  org.springframework.jmx.export.annotation.AnnotationMBeanExporter  ==  Registering beans for JMX exposure on startup
2019/10/21 === [restartedMain] === INFO   ===  org.springframework.boot.context.embedded.tomcat.TomcatEmbeddedServletContainer  ==  Tomcat started on port(s): 8080 (http)
2019/10/21 === [restartedMain] === INFO   ===  com.netease.entry.Entry  ==  Started Entry in 10.15 seconds (JVM running for 12.921)
2019/10/21 === [restartedMain] === INFO   ===  com.netease.entry.Entry  ==  Starting Entry on MSI with PID 7284 (E:\workspace\IDEA\SpringBootDemo\springbootdemo\boot-web\target\classes started by 11651 in E:\workspace\IDEA\SpringBootDemo\springbootdemo)
2019/10/21 === [restartedMain] === DEBUG  ===  com.netease.entry.Entry  ==  Running with Spring Boot v1.5.1.RELEASE, Spring v4.3.6.RELEASE
2019/10/21 === [restartedMain] === INFO   ===  com.netease.entry.Entry  ==  The following profiles are active: dev
2019/10/21 === [restartedMain] === INFO   ===  org.springframework.boot.context.embedded.AnnotationConfigEmbeddedWebApplicationContext  ==  Refreshing org.springframework.boot.context.embedded.AnnotationConfigEmbeddedWebApplicationContext@15002ce9: startup date [Mon Oct 21 20:44:34 GMT+08:00 2019]; root of context hierarchy
2019/10/21 === [restartedMain] === INFO   ===  org.springframework.context.support.PostProcessorRegistrationDelegate$BeanPostProcessorChecker  ==  Bean 'jpaConfiguration' of type [class com.netease.configuration.JpaConfiguration$$EnhancerBySpringCGLIB$$c6c608d6] is not eligible for getting processed by all BeanPostProcessors (for example: not eligible for auto-proxying)
2019/10/21 === [restartedMain] === INFO   ===  org.springframework.context.support.PostProcessorRegistrationDelegate$BeanPostProcessorChecker  ==  Bean 'org.springframework.boot.autoconfigure.validation.ValidationAutoConfiguration' of type [class org.springframework.boot.autoconfigure.validation.ValidationAutoConfiguration] is not eligible for getting processed by all BeanPostProcessors (for example: not eligible for auto-proxying)
2019/10/21 === [restartedMain] === INFO   ===  org.springframework.context.support.PostProcessorRegistrationDelegate$BeanPostProcessorChecker  ==  Bean 'validator' of type [class org.springframework.validation.beanvalidation.LocalValidatorFactoryBean] is not eligible for getting processed by all BeanPostProcessors (for example: not eligible for auto-proxying)
2019/10/21 === [restartedMain] === INFO   ===  org.springframework.context.support.PostProcessorRegistrationDelegate$BeanPostProcessorChecker  ==  Bean 'org.springframework.transaction.annotation.ProxyTransactionManagementConfiguration' of type [class org.springframework.transaction.annotation.ProxyTransactionManagementConfiguration$$EnhancerBySpringCGLIB$$1c69f4ce] is not eligible for getting processed by all BeanPostProcessors (for example: not eligible for auto-proxying)
2019/10/21 === [restartedMain] === INFO   ===  org.springframework.boot.context.embedded.tomcat.TomcatEmbeddedServletContainer  ==  Tomcat initialized with port(s): 8080 (http)
2019/10/21 === [restartedMain] === INFO   ===  org.apache.catalina.core.StandardService  ==  Starting service Tomcat
2019/10/21 === [restartedMain] === INFO   ===  org.apache.catalina.core.StandardEngine  ==  Starting Servlet Engine: Apache Tomcat/8.5.11
2019/10/21 === [localhost-startStop-1] === INFO   ===  org.apache.catalina.core.ContainerBase.[Tomcat].[localhost].[/]  ==  Initializing Spring embedded WebApplicationContext
2019/10/21 === [localhost-startStop-1] === INFO   ===  org.springframework.web.context.ContextLoader  ==  Root WebApplicationContext: initialization completed in 3590 ms
2019/10/21 === [localhost-startStop-1] === INFO   ===  org.springframework.boot.web.servlet.ServletRegistrationBean  ==  Mapping servlet: 'dispatcherServlet' to [/]
2019/10/21 === [localhost-startStop-1] === INFO   ===  org.springframework.boot.web.servlet.FilterRegistrationBean  ==  Mapping filter: 'characterEncodingFilter' to: [/*]
2019/10/21 === [localhost-startStop-1] === INFO   ===  org.springframework.boot.web.servlet.FilterRegistrationBean  ==  Mapping filter: 'hiddenHttpMethodFilter' to: [/*]
2019/10/21 === [localhost-startStop-1] === INFO   ===  org.springframework.boot.web.servlet.FilterRegistrationBean  ==  Mapping filter: 'httpPutFormContentFilter' to: [/*]
2019/10/21 === [localhost-startStop-1] === INFO   ===  org.springframework.boot.web.servlet.FilterRegistrationBean  ==  Mapping filter: 'requestContextFilter' to: [/*]
2019/10/21 === [restartedMain] === INFO   ===  org.springframework.orm.jpa.LocalContainerEntityManagerFactoryBean  ==  Building JPA container EntityManagerFactory for persistence unit 'default'
2019/10/21 === [restartedMain] === INFO   ===  org.hibernate.jpa.internal.util.LogHelper  ==  HHH000204: Processing PersistenceUnitInfo [
	name: default
	...]
2019/10/21 === [restartedMain] === INFO   ===  org.hibernate.Version  ==  HHH000412: Hibernate Core {5.0.11.Final}
2019/10/21 === [restartedMain] === INFO   ===  org.hibernate.cfg.Environment  ==  HHH000206: hibernate.properties not found
2019/10/21 === [restartedMain] === INFO   ===  org.hibernate.cfg.Environment  ==  HHH000021: Bytecode provider name : javassist
2019/10/21 === [restartedMain] === INFO   ===  org.hibernate.annotations.common.Version  ==  HCANN000001: Hibernate Commons Annotations {5.0.1.Final}
2019/10/21 === [restartedMain] === INFO   ===  org.hibernate.dialect.Dialect  ==  HHH000400: Using dialect: org.hibernate.dialect.MySQL5Dialect
2019/10/21 === [restartedMain] === WARN   ===  org.hibernate.boot.internal.SessionFactoryBuilderImpl  ==  Unrecognized hbm2ddl_auto value : update .  Supported values include create, create-drop, update, and validate.  Ignoring
2019/10/21 === [restartedMain] === INFO   ===  org.springframework.orm.jpa.LocalContainerEntityManagerFactoryBean  ==  Initialized JPA EntityManagerFactory for persistence unit 'default'
2019/10/21 === [restartedMain] === INFO   ===  org.hibernate.hql.internal.QueryTranslatorFactoryInitiator  ==  HHH000397: Using ASTQueryTranslatorFactory
2019/10/21 === [restartedMain] === INFO   ===  org.springframework.web.servlet.mvc.method.annotation.RequestMappingHandlerAdapter  ==  Looking for @ControllerAdvice: org.springframework.boot.context.embedded.AnnotationConfigEmbeddedWebApplicationContext@15002ce9: startup date [Mon Oct 21 20:44:34 GMT+08:00 2019]; root of context hierarchy
2019/10/21 === [restartedMain] === INFO   ===  org.springframework.web.servlet.mvc.method.annotation.RequestMappingHandlerMapping  ==  Mapped "{[/logInfo]}" onto java.lang.String com.netease.controller.DoTraceController.home()
2019/10/21 === [restartedMain] === INFO   ===  org.springframework.web.servlet.mvc.method.annotation.RequestMappingHandlerMapping  ==  Mapped "{[/rest/]}" onto java.lang.String com.netease.controller.RestControllers.home()
2019/10/21 === [restartedMain] === INFO   ===  org.springframework.web.servlet.mvc.method.annotation.RequestMappingHandlerMapping  ==  Mapped "{[/rest/json/{name}]}" onto public java.util.Map<java.lang.Object, java.lang.Object> com.netease.controller.RestControllers.show(java.lang.String)
2019/10/21 === [restartedMain] === INFO   ===  org.springframework.web.servlet.mvc.method.annotation.RequestMappingHandlerMapping  ==  Mapped "{[/user/index]}" onto public java.lang.String com.netease.controller.UserController.index()
2019/10/21 === [restartedMain] === INFO   ===  org.springframework.web.servlet.mvc.method.annotation.RequestMappingHandlerMapping  ==  Mapped "{[/user/show]}" onto public java.lang.String com.netease.controller.UserController.show(java.lang.String)
2019/10/21 === [restartedMain] === INFO   ===  org.springframework.web.servlet.mvc.method.annotation.RequestMappingHandlerMapping  ==  Mapped "{[/user/show/{personalPath}]}" onto public java.lang.String com.netease.controller.UserController.show2(java.lang.String)
2019/10/21 === [restartedMain] === INFO   ===  org.springframework.web.servlet.mvc.method.annotation.RequestMappingHandlerMapping  ==  Mapped "{[/error]}" onto public org.springframework.http.ResponseEntity<java.util.Map<java.lang.String, java.lang.Object>> org.springframework.boot.autoconfigure.web.BasicErrorController.error(javax.servlet.http.HttpServletRequest)
2019/10/21 === [restartedMain] === INFO   ===  org.springframework.web.servlet.mvc.method.annotation.RequestMappingHandlerMapping  ==  Mapped "{[/error],produces=[text/html]}" onto public org.springframework.web.servlet.ModelAndView org.springframework.boot.autoconfigure.web.BasicErrorController.errorHtml(javax.servlet.http.HttpServletRequest,javax.servlet.http.HttpServletResponse)
2019/10/21 === [restartedMain] === INFO   ===  org.springframework.web.servlet.handler.SimpleUrlHandlerMapping  ==  Mapped URL path [/webjars/**] onto handler of type [class org.springframework.web.servlet.resource.ResourceHttpRequestHandler]
2019/10/21 === [restartedMain] === INFO   ===  org.springframework.web.servlet.handler.SimpleUrlHandlerMapping  ==  Mapped URL path [/static/**] onto handler of type [class org.springframework.web.servlet.resource.ResourceHttpRequestHandler]
2019/10/21 === [restartedMain] === INFO   ===  org.springframework.web.servlet.handler.SimpleUrlHandlerMapping  ==  Mapped URL path [/**/favicon.ico] onto handler of type [class org.springframework.web.servlet.resource.ResourceHttpRequestHandler]
2019/10/21 === [restartedMain] === INFO   ===  org.springframework.boot.devtools.autoconfigure.OptionalLiveReloadServer  ==  LiveReload server is running on port 35729
2019/10/21 === [restartedMain] === INFO   ===  org.springframework.jmx.export.annotation.AnnotationMBeanExporter  ==  Registering beans for JMX exposure on startup
2019/10/21 === [restartedMain] === INFO   ===  org.springframework.boot.context.embedded.tomcat.TomcatEmbeddedServletContainer  ==  Tomcat started on port(s): 8080 (http)
2019/10/21 === [restartedMain] === INFO   ===  com.netease.entry.Entry  ==  Started Entry in 10.148 seconds (JVM running for 12.849)
2019/10/21 === [http-nio-8080-exec-1] === INFO   ===  org.apache.catalina.core.ContainerBase.[Tomcat].[localhost].[/]  ==  Initializing Spring FrameworkServlet 'dispatcherServlet'
2019/10/21 === [http-nio-8080-exec-1] === INFO   ===  org.springframework.web.servlet.DispatcherServlet  ==  FrameworkServlet 'dispatcherServlet': initialization started
2019/10/21 === [http-nio-8080-exec-1] === INFO   ===  org.springframework.web.servlet.DispatcherServlet  ==  FrameworkServlet 'dispatcherServlet': initialization completed in 74 ms
2019/10/21 === [http-nio-8080-exec-2] === WARN   ===  org.springframework.web.servlet.PageNotFound  ==  No mapping found for HTTP request with URI [/user/] in DispatcherServlet with name 'dispatcherServlet'
2019/10/21 === [http-nio-8080-exec-3] === WARN   ===  org.springframework.web.servlet.PageNotFound  ==  No mapping found for HTTP request with URI [/user/] in DispatcherServlet with name 'dispatcherServlet'
2019/10/21 === [restartedMain] === INFO   ===  com.netease.entry.Entry  ==  Starting Entry on MSI with PID 244 (E:\workspace\IDEA\SpringBootDemo\springbootdemo\boot-web\target\classes started by 11651 in E:\workspace\IDEA\SpringBootDemo\springbootdemo)
2019/10/21 === [restartedMain] === DEBUG  ===  com.netease.entry.Entry  ==  Running with Spring Boot v1.5.1.RELEASE, Spring v4.3.6.RELEASE
2019/10/21 === [restartedMain] === INFO   ===  com.netease.entry.Entry  ==  The following profiles are active: dev
2019/10/21 === [restartedMain] === INFO   ===  org.springframework.boot.context.embedded.AnnotationConfigEmbeddedWebApplicationContext  ==  Refreshing org.springframework.boot.context.embedded.AnnotationConfigEmbeddedWebApplicationContext@69aedbd6: startup date [Mon Oct 21 20:47:03 GMT+08:00 2019]; root of context hierarchy
2019/10/21 === [restartedMain] === INFO   ===  org.springframework.context.support.PostProcessorRegistrationDelegate$BeanPostProcessorChecker  ==  Bean 'jpaConfiguration' of type [class com.netease.configuration.JpaConfiguration$$EnhancerBySpringCGLIB$$a3ef6ac8] is not eligible for getting processed by all BeanPostProcessors (for example: not eligible for auto-proxying)
2019/10/21 === [restartedMain] === INFO   ===  org.springframework.context.support.PostProcessorRegistrationDelegate$BeanPostProcessorChecker  ==  Bean 'org.springframework.boot.autoconfigure.validation.ValidationAutoConfiguration' of type [class org.springframework.boot.autoconfigure.validation.ValidationAutoConfiguration] is not eligible for getting processed by all BeanPostProcessors (for example: not eligible for auto-proxying)
2019/10/21 === [restartedMain] === INFO   ===  org.springframework.context.support.PostProcessorRegistrationDelegate$BeanPostProcessorChecker  ==  Bean 'validator' of type [class org.springframework.validation.beanvalidation.LocalValidatorFactoryBean] is not eligible for getting processed by all BeanPostProcessors (for example: not eligible for auto-proxying)
2019/10/21 === [restartedMain] === INFO   ===  org.springframework.context.support.PostProcessorRegistrationDelegate$BeanPostProcessorChecker  ==  Bean 'org.springframework.transaction.annotation.ProxyTransactionManagementConfiguration' of type [class org.springframework.transaction.annotation.ProxyTransactionManagementConfiguration$$EnhancerBySpringCGLIB$$f99356c0] is not eligible for getting processed by all BeanPostProcessors (for example: not eligible for auto-proxying)
2019/10/21 === [restartedMain] === INFO   ===  org.springframework.boot.context.embedded.tomcat.TomcatEmbeddedServletContainer  ==  Tomcat initialized with port(s): 8080 (http)
2019/10/21 === [restartedMain] === INFO   ===  org.apache.catalina.core.StandardService  ==  Starting service Tomcat
2019/10/21 === [restartedMain] === INFO   ===  org.apache.catalina.core.StandardEngine  ==  Starting Servlet Engine: Apache Tomcat/8.5.11
2019/10/21 === [localhost-startStop-1] === INFO   ===  org.apache.catalina.core.ContainerBase.[Tomcat].[localhost].[/]  ==  Initializing Spring embedded WebApplicationContext
2019/10/21 === [localhost-startStop-1] === INFO   ===  org.springframework.web.context.ContextLoader  ==  Root WebApplicationContext: initialization completed in 3518 ms
2019/10/21 === [localhost-startStop-1] === INFO   ===  org.springframework.boot.web.servlet.ServletRegistrationBean  ==  Mapping servlet: 'dispatcherServlet' to [/]
2019/10/21 === [localhost-startStop-1] === INFO   ===  org.springframework.boot.web.servlet.FilterRegistrationBean  ==  Mapping filter: 'characterEncodingFilter' to: [/*]
2019/10/21 === [localhost-startStop-1] === INFO   ===  org.springframework.boot.web.servlet.FilterRegistrationBean  ==  Mapping filter: 'hiddenHttpMethodFilter' to: [/*]
2019/10/21 === [localhost-startStop-1] === INFO   ===  org.springframework.boot.web.servlet.FilterRegistrationBean  ==  Mapping filter: 'httpPutFormContentFilter' to: [/*]
2019/10/21 === [localhost-startStop-1] === INFO   ===  org.springframework.boot.web.servlet.FilterRegistrationBean  ==  Mapping filter: 'requestContextFilter' to: [/*]
2019/10/21 === [restartedMain] === INFO   ===  org.springframework.orm.jpa.LocalContainerEntityManagerFactoryBean  ==  Building JPA container EntityManagerFactory for persistence unit 'default'
2019/10/21 === [restartedMain] === INFO   ===  org.hibernate.jpa.internal.util.LogHelper  ==  HHH000204: Processing PersistenceUnitInfo [
	name: default
	...]
2019/10/21 === [restartedMain] === INFO   ===  org.hibernate.Version  ==  HHH000412: Hibernate Core {5.0.11.Final}
2019/10/21 === [restartedMain] === INFO   ===  org.hibernate.cfg.Environment  ==  HHH000206: hibernate.properties not found
2019/10/21 === [restartedMain] === INFO   ===  org.hibernate.cfg.Environment  ==  HHH000021: Bytecode provider name : javassist
2019/10/21 === [restartedMain] === INFO   ===  org.hibernate.annotations.common.Version  ==  HCANN000001: Hibernate Commons Annotations {5.0.1.Final}
2019/10/21 === [restartedMain] === INFO   ===  org.hibernate.dialect.Dialect  ==  HHH000400: Using dialect: org.hibernate.dialect.MySQL5Dialect
2019/10/21 === [restartedMain] === WARN   ===  org.hibernate.boot.internal.SessionFactoryBuilderImpl  ==  Unrecognized hbm2ddl_auto value : update .  Supported values include create, create-drop, update, and validate.  Ignoring
2019/10/21 === [restartedMain] === INFO   ===  org.springframework.orm.jpa.LocalContainerEntityManagerFactoryBean  ==  Initialized JPA EntityManagerFactory for persistence unit 'default'
2019/10/21 === [restartedMain] === INFO   ===  org.hibernate.hql.internal.QueryTranslatorFactoryInitiator  ==  HHH000397: Using ASTQueryTranslatorFactory
2019/10/21 === [restartedMain] === INFO   ===  org.springframework.web.servlet.mvc.method.annotation.RequestMappingHandlerAdapter  ==  Looking for @ControllerAdvice: org.springframework.boot.context.embedded.AnnotationConfigEmbeddedWebApplicationContext@69aedbd6: startup date [Mon Oct 21 20:47:03 GMT+08:00 2019]; root of context hierarchy
2019/10/21 === [restartedMain] === INFO   ===  org.springframework.web.servlet.mvc.method.annotation.RequestMappingHandlerMapping  ==  Mapped "{[/logInfo]}" onto java.lang.String com.netease.controller.DoTraceController.home()
2019/10/21 === [restartedMain] === INFO   ===  org.springframework.web.servlet.mvc.method.annotation.RequestMappingHandlerMapping  ==  Mapped "{[/rest/]}" onto java.lang.String com.netease.controller.RestControllers.home()
2019/10/21 === [restartedMain] === INFO   ===  org.springframework.web.servlet.mvc.method.annotation.RequestMappingHandlerMapping  ==  Mapped "{[/rest/json/{name}]}" onto public java.util.Map<java.lang.Object, java.lang.Object> com.netease.controller.RestControllers.show(java.lang.String)
2019/10/21 === [restartedMain] === INFO   ===  org.springframework.web.servlet.mvc.method.annotation.RequestMappingHandlerMapping  ==  Mapped "{[/user/index]}" onto public java.lang.String com.netease.controller.UserController.index()
2019/10/21 === [restartedMain] === INFO   ===  org.springframework.web.servlet.mvc.method.annotation.RequestMappingHandlerMapping  ==  Mapped "{[/user/show/{personalPath}]}" onto public java.lang.String com.netease.controller.UserController.show2(java.lang.String)
2019/10/21 === [restartedMain] === INFO   ===  org.springframework.web.servlet.mvc.method.annotation.RequestMappingHandlerMapping  ==  Mapped "{[/user/show]}" onto public java.lang.String com.netease.controller.UserController.show(java.lang.String)
2019/10/21 === [restartedMain] === INFO   ===  org.springframework.web.servlet.mvc.method.annotation.RequestMappingHandlerMapping  ==  Mapped "{[/error]}" onto public org.springframework.http.ResponseEntity<java.util.Map<java.lang.String, java.lang.Object>> org.springframework.boot.autoconfigure.web.BasicErrorController.error(javax.servlet.http.HttpServletRequest)
2019/10/21 === [restartedMain] === INFO   ===  org.springframework.web.servlet.mvc.method.annotation.RequestMappingHandlerMapping  ==  Mapped "{[/error],produces=[text/html]}" onto public org.springframework.web.servlet.ModelAndView org.springframework.boot.autoconfigure.web.BasicErrorController.errorHtml(javax.servlet.http.HttpServletRequest,javax.servlet.http.HttpServletResponse)
2019/10/21 === [restartedMain] === INFO   ===  org.springframework.web.servlet.handler.SimpleUrlHandlerMapping  ==  Mapped URL path [/webjars/**] onto handler of type [class org.springframework.web.servlet.resource.ResourceHttpRequestHandler]
2019/10/21 === [restartedMain] === INFO   ===  org.springframework.web.servlet.handler.SimpleUrlHandlerMapping  ==  Mapped URL path [/static/**] onto handler of type [class org.springframework.web.servlet.resource.ResourceHttpRequestHandler]
2019/10/21 === [restartedMain] === INFO   ===  org.springframework.web.servlet.handler.SimpleUrlHandlerMapping  ==  Mapped URL path [/**/favicon.ico] onto handler of type [class org.springframework.web.servlet.resource.ResourceHttpRequestHandler]
2019/10/21 === [restartedMain] === INFO   ===  org.springframework.boot.devtools.autoconfigure.OptionalLiveReloadServer  ==  LiveReload server is running on port 35729
2019/10/21 === [restartedMain] === INFO   ===  org.springframework.jmx.export.annotation.AnnotationMBeanExporter  ==  Registering beans for JMX exposure on startup
2019/10/21 === [restartedMain] === INFO   ===  org.springframework.boot.context.embedded.tomcat.TomcatEmbeddedServletContainer  ==  Tomcat started on port(s): 8080 (http)
2019/10/21 === [restartedMain] === INFO   ===  com.netease.entry.Entry  ==  Started Entry in 10.017 seconds (JVM running for 12.646)
2019/10/21 === [http-nio-8080-exec-1] === INFO   ===  org.apache.catalina.core.ContainerBase.[Tomcat].[localhost].[/]  ==  Initializing Spring FrameworkServlet 'dispatcherServlet'
2019/10/21 === [http-nio-8080-exec-1] === INFO   ===  org.springframework.web.servlet.DispatcherServlet  ==  FrameworkServlet 'dispatcherServlet': initialization started
2019/10/21 === [http-nio-8080-exec-1] === INFO   ===  org.springframework.web.servlet.DispatcherServlet  ==  FrameworkServlet 'dispatcherServlet': initialization completed in 64 ms
2019/10/21 === [http-nio-8080-exec-1] === INFO   ===  com.netease.controller.UserController  ==  这是UserController Test
